<?xml version="1.0" encoding="UTF-8" ?>
<testsuites>
  <testsuite errors="0" failures="0" hostname="L4612803" id="0" name="MyTestSuiteRunner" package="com.macy.test" skipped="0" tests="1" time="16.751" timestamp="2015-05-05T22:32:58">
      <properties>
[...]
</properties>

      <testcase classname="com.macy.test.LoginTest" name="registerApp" time="11.887" />

      <system-out><![CDATA[4235 [main] INFO com.macy.test.LoginTest  - Constructor call Login Test
4236 [main] INFO com.macy.test.LoginTest  - registering login page of current user
4236 [Forwarding get on session 017a270a-cbef-4c96-9f4f-6d39d3b954d4 to remote] DEBUG org.apache.http.client.protocol.RequestAddCookies  - CookieSpec selected: best-match
4236 [Forwarding get on session 017a270a-cbef-4c96-9f4f-6d39d3b954d4 to remote] DEBUG org.apache.http.client.protocol.RequestAuthCache  - Auth cache not set in the context
4236 [Forwarding get on session 017a270a-cbef-4c96-9f4f-6d39d3b954d4 to remote] DEBUG org.apache.http.impl.conn.PoolingHttpClientConnectionManager  - Connection request: [route: {}->http://127.0.0.1:7055][total kept alive: 0; route allocated: 0 of 2000; total allocated: 0 of 2000]
4236 [Forwarding get on session 017a270a-cbef-4c96-9f4f-6d39d3b954d4 to remote] DEBUG org.apache.http.impl.conn.PoolingHttpClientConnectionManager  - Connection leased: [id: 1][route: {}->http://127.0.0.1:7055][total kept alive: 0; route allocated: 1 of 2000; total allocated: 1 of 2000]
4236 [Forwarding get on session 017a270a-cbef-4c96-9f4f-6d39d3b954d4 to remote] DEBUG org.apache.http.impl.execchain.MainClientExec  - Opening connection {}->http://127.0.0.1:7055
4236 [Forwarding get on session 017a270a-cbef-4c96-9f4f-6d39d3b954d4 to remote] DEBUG org.apache.http.impl.conn.HttpClientConnectionOperator  - Connecting to /127.0.0.1:7055
4236 [Forwarding get on session 017a270a-cbef-4c96-9f4f-6d39d3b954d4 to remote] DEBUG org.apache.http.impl.conn.HttpClientConnectionOperator  - Connection established 127.0.0.1:49561<->127.0.0.1:7055
4236 [Forwarding get on session 017a270a-cbef-4c96-9f4f-6d39d3b954d4 to remote] DEBUG org.apache.http.impl.execchain.MainClientExec  - Executing request POST /hub/session/017a270a-cbef-4c96-9f4f-6d39d3b954d4/url HTTP/1.1
4236 [Forwarding get on session 017a270a-cbef-4c96-9f4f-6d39d3b954d4 to remote] DEBUG org.apache.http.impl.execchain.MainClientExec  - Target auth state: UNCHALLENGED
4236 [Forwarding get on session 017a270a-cbef-4c96-9f4f-6d39d3b954d4 to remote] DEBUG org.apache.http.impl.execchain.MainClientExec  - Proxy auth state: UNCHALLENGED
4236 [Forwarding get on session 017a270a-cbef-4c96-9f4f-6d39d3b954d4 to remote] DEBUG org.apache.http.headers  - http-outgoing-1 >> POST /hub/session/017a270a-cbef-4c96-9f4f-6d39d3b954d4/url HTTP/1.1
4236 [Forwarding get on session 017a270a-cbef-4c96-9f4f-6d39d3b954d4 to remote] DEBUG org.apache.http.headers  - http-outgoing-1 >> Content-Type: application/json; charset=utf-8
4236 [Forwarding get on session 017a270a-cbef-4c96-9f4f-6d39d3b954d4 to remote] DEBUG org.apache.http.headers  - http-outgoing-1 >> Content-Length: 34
4236 [Forwarding get on session 017a270a-cbef-4c96-9f4f-6d39d3b954d4 to remote] DEBUG org.apache.http.headers  - http-outgoing-1 >> Host: 127.0.0.1:7055
4236 [Forwarding get on session 017a270a-cbef-4c96-9f4f-6d39d3b954d4 to remote] DEBUG org.apache.http.headers  - http-outgoing-1 >> Connection: Keep-Alive
4236 [Forwarding get on session 017a270a-cbef-4c96-9f4f-6d39d3b954d4 to remote] DEBUG org.apache.http.headers  - http-outgoing-1 >> User-Agent: Apache-HttpClient/4.3.4 (java 1.5)
4236 [Forwarding get on session 017a270a-cbef-4c96-9f4f-6d39d3b954d4 to remote] DEBUG org.apache.http.headers  - http-outgoing-1 >> Accept-Encoding: gzip,deflate
4236 [Forwarding get on session 017a270a-cbef-4c96-9f4f-6d39d3b954d4 to remote] DEBUG org.apache.http.wire  - http-outgoing-1 >> "POST /hub/session/017a270a-cbef-4c96-9f4f-6d39d3b954d4/url HTTP/1.1[\r][\n]"
4236 [Forwarding get on session 017a270a-cbef-4c96-9f4f-6d39d3b954d4 to remote] DEBUG org.apache.http.wire  - http-outgoing-1 >> "Content-Type: application/json; charset=utf-8[\r][\n]"
4236 [Forwarding get on session 017a270a-cbef-4c96-9f4f-6d39d3b954d4 to remote] DEBUG org.apache.http.wire  - http-outgoing-1 >> "Content-Length: 34[\r][\n]"
4236 [Forwarding get on session 017a270a-cbef-4c96-9f4f-6d39d3b954d4 to remote] DEBUG org.apache.http.wire  - http-outgoing-1 >> "Host: 127.0.0.1:7055[\r][\n]"
4236 [Forwarding get on session 017a270a-cbef-4c96-9f4f-6d39d3b954d4 to remote] DEBUG org.apache.http.wire  - http-outgoing-1 >> "Connection: Keep-Alive[\r][\n]"
4236 [Forwarding get on session 017a270a-cbef-4c96-9f4f-6d39d3b954d4 to remote] DEBUG org.apache.http.wire  - http-outgoing-1 >> "User-Agent: Apache-HttpClient/4.3.4 (java 1.5)[\r][\n]"
4236 [Forwarding get on session 017a270a-cbef-4c96-9f4f-6d39d3b954d4 to remote] DEBUG org.apache.http.wire  - http-outgoing-1 >> "Accept-Encoding: gzip,deflate[\r][\n]"
4236 [Forwarding get on session 017a270a-cbef-4c96-9f4f-6d39d3b954d4 to remote] DEBUG org.apache.http.wire  - http-outgoing-1 >> "[\r][\n]"
4236 [Forwarding get on session 017a270a-cbef-4c96-9f4f-6d39d3b954d4 to remote] DEBUG org.apache.http.wire  - http-outgoing-1 >> "{"url":"https://mdc1vr1093/login"}"
5945 [Forwarding get on session 017a270a-cbef-4c96-9f4f-6d39d3b954d4 to remote] DEBUG org.apache.http.wire  - http-outgoing-1 << "HTTP/1.1 200 OK[\r][\n]"
5945 [Forwarding get on session 017a270a-cbef-4c96-9f4f-6d39d3b954d4 to remote] DEBUG org.apache.http.wire  - http-outgoing-1 << "content-type: application/json; charset=UTF-8[\r][\n]"
5945 [Forwarding get on session 017a270a-cbef-4c96-9f4f-6d39d3b954d4 to remote] DEBUG org.apache.http.wire  - http-outgoing-1 << "connection: close[\r][\n]"
5945 [Forwarding get on session 017a270a-cbef-4c96-9f4f-6d39d3b954d4 to remote] DEBUG org.apache.http.wire  - http-outgoing-1 << "content-length: 87[\r][\n]"
5945 [Forwarding get on session 017a270a-cbef-4c96-9f4f-6d39d3b954d4 to remote] DEBUG org.apache.http.wire  - http-outgoing-1 << "server: httpd.js[\r][\n]"
5945 [Forwarding get on session 017a270a-cbef-4c96-9f4f-6d39d3b954d4 to remote] DEBUG org.apache.http.wire  - http-outgoing-1 << "date: Tue, 05 May 2015 22:33:04 GMT[\r][\n]"
5945 [Forwarding get on session 017a270a-cbef-4c96-9f4f-6d39d3b954d4 to remote] DEBUG org.apache.http.wire  - http-outgoing-1 << "[\r][\n]"
5945 [Forwarding get on session 017a270a-cbef-4c96-9f4f-6d39d3b954d4 to remote] DEBUG org.apache.http.headers  - http-outgoing-1 << HTTP/1.1 200 OK
5945 [Forwarding get on session 017a270a-cbef-4c96-9f4f-6d39d3b954d4 to remote] DEBUG org.apache.http.headers  - http-outgoing-1 << content-type: application/json; charset=UTF-8
5945 [Forwarding get on session 017a270a-cbef-4c96-9f4f-6d39d3b954d4 to remote] DEBUG org.apache.http.headers  - http-outgoing-1 << connection: close
5945 [Forwarding get on session 017a270a-cbef-4c96-9f4f-6d39d3b954d4 to remote] DEBUG org.apache.http.headers  - http-outgoing-1 << content-length: 87
5945 [Forwarding get on session 017a270a-cbef-4c96-9f4f-6d39d3b954d4 to remote] DEBUG org.apache.http.headers  - http-outgoing-1 << server: httpd.js
5946 [Forwarding get on session 017a270a-cbef-4c96-9f4f-6d39d3b954d4 to remote] DEBUG org.apache.http.headers  - http-outgoing-1 << date: Tue, 05 May 2015 22:33:04 GMT
5946 [Forwarding get on session 017a270a-cbef-4c96-9f4f-6d39d3b954d4 to remote] DEBUG org.apache.http.wire  - http-outgoing-1 << "{"name":"get","sessionId":"017a270a-cbef-4c96-9f4f-6d39d3b954d4","status":0,"value":""}"
5946 [Forwarding get on session 017a270a-cbef-4c96-9f4f-6d39d3b954d4 to remote] DEBUG org.apache.http.impl.conn.DefaultManagedHttpClientConnection  - http-outgoing-1: Shutdown connection
5947 [Forwarding get on session 017a270a-cbef-4c96-9f4f-6d39d3b954d4 to remote] DEBUG org.apache.http.impl.execchain.MainClientExec  - Connection discarded
5947 [Forwarding get on session 017a270a-cbef-4c96-9f4f-6d39d3b954d4 to remote] DEBUG org.apache.http.impl.conn.DefaultManagedHttpClientConnection  - http-outgoing-1: Close connection
5947 [Forwarding get on session 017a270a-cbef-4c96-9f4f-6d39d3b954d4 to remote] DEBUG org.apache.http.impl.conn.PoolingHttpClientConnectionManager  - Connection released: [id: 1][route: {}->http://127.0.0.1:7055][total kept alive: 0; route allocated: 0 of 2000; total allocated: 0 of 2000]
5957 [Forwarding findElement on session 017a270a-cbef-4c96-9f4f-6d39d3b954d4 to remote] DEBUG org.apache.http.client.protocol.RequestAddCookies  - CookieSpec selected: best-match
5957 [Forwarding findElement on session 017a270a-cbef-4c96-9f4f-6d39d3b954d4 to remote] DEBUG org.apache.http.client.protocol.RequestAuthCache  - Auth cache not set in the context
5957 [Forwarding findElement on session 017a270a-cbef-4c96-9f4f-6d39d3b954d4 to remote] DEBUG org.apache.http.impl.conn.PoolingHttpClientConnectionManager  - Connection request: [route: {}->http://127.0.0.1:7055][total kept alive: 0; route allocated: 0 of 2000; total allocated: 0 of 2000]
5957 [Forwarding findElement on session 017a270a-cbef-4c96-9f4f-6d39d3b954d4 to remote] DEBUG org.apache.http.impl.conn.PoolingHttpClientConnectionManager  - Connection leased: [id: 2][route: {}->http://127.0.0.1:7055][total kept alive: 0; route allocated: 1 of 2000; total allocated: 1 of 2000]
5957 [Forwarding findElement on session 017a270a-cbef-4c96-9f4f-6d39d3b954d4 to remote] DEBUG org.apache.http.impl.execchain.MainClientExec  - Opening connection {}->http://127.0.0.1:7055
5957 [Forwarding findElement on session 017a270a-cbef-4c96-9f4f-6d39d3b954d4 to remote] DEBUG org.apache.http.impl.conn.HttpClientConnectionOperator  - Connecting to /127.0.0.1:7055
5957 [Forwarding findElement on session 017a270a-cbef-4c96-9f4f-6d39d3b954d4 to remote] DEBUG org.apache.http.impl.conn.HttpClientConnectionOperator  - Connection established 127.0.0.1:49568<->127.0.0.1:7055
5958 [Forwarding findElement on session 017a270a-cbef-4c96-9f4f-6d39d3b954d4 to remote] DEBUG org.apache.http.impl.execchain.MainClientExec  - Executing request POST /hub/session/017a270a-cbef-4c96-9f4f-6d39d3b954d4/element HTTP/1.1
5958 [Forwarding findElement on session 017a270a-cbef-4c96-9f4f-6d39d3b954d4 to remote] DEBUG org.apache.http.impl.execchain.MainClientExec  - Target auth state: UNCHALLENGED
5958 [Forwarding findElement on session 017a270a-cbef-4c96-9f4f-6d39d3b954d4 to remote] DEBUG org.apache.http.impl.execchain.MainClientExec  - Proxy auth state: UNCHALLENGED
5958 [Forwarding findElement on session 017a270a-cbef-4c96-9f4f-6d39d3b954d4 to remote] DEBUG org.apache.http.headers  - http-outgoing-2 >> POST /hub/session/017a270a-cbef-4c96-9f4f-6d39d3b954d4/element HTTP/1.1
5958 [Forwarding findElement on session 017a270a-cbef-4c96-9f4f-6d39d3b954d4 to remote] DEBUG org.apache.http.headers  - http-outgoing-2 >> Content-Type: application/json; charset=utf-8
5958 [Forwarding findElement on session 017a270a-cbef-4c96-9f4f-6d39d3b954d4 to remote] DEBUG org.apache.http.headers  - http-outgoing-2 >> Content-Length: 35
5958 [Forwarding findElement on session 017a270a-cbef-4c96-9f4f-6d39d3b954d4 to remote] DEBUG org.apache.http.headers  - http-outgoing-2 >> Host: 127.0.0.1:7055
5958 [Forwarding findElement on session 017a270a-cbef-4c96-9f4f-6d39d3b954d4 to remote] DEBUG org.apache.http.headers  - http-outgoing-2 >> Connection: Keep-Alive
5958 [Forwarding findElement on session 017a270a-cbef-4c96-9f4f-6d39d3b954d4 to remote] DEBUG org.apache.http.headers  - http-outgoing-2 >> User-Agent: Apache-HttpClient/4.3.4 (java 1.5)
5958 [Forwarding findElement on session 017a270a-cbef-4c96-9f4f-6d39d3b954d4 to remote] DEBUG org.apache.http.headers  - http-outgoing-2 >> Accept-Encoding: gzip,deflate
5958 [Forwarding findElement on session 017a270a-cbef-4c96-9f4f-6d39d3b954d4 to remote] DEBUG org.apache.http.wire  - http-outgoing-2 >> "POST /hub/session/017a270a-cbef-4c96-9f4f-6d39d3b954d4/element HTTP/1.1[\r][\n]"
5958 [Forwarding findElement on session 017a270a-cbef-4c96-9f4f-6d39d3b954d4 to remote] DEBUG org.apache.http.wire  - http-outgoing-2 >> "Content-Type: application/json; charset=utf-8[\r][\n]"
5958 [Forwarding findElement on session 017a270a-cbef-4c96-9f4f-6d39d3b954d4 to remote] DEBUG org.apache.http.wire  - http-outgoing-2 >> "Content-Length: 35[\r][\n]"
5958 [Forwarding findElement on session 017a270a-cbef-4c96-9f4f-6d39d3b954d4 to remote] DEBUG org.apache.http.wire  - http-outgoing-2 >> "Host: 127.0.0.1:7055[\r][\n]"
5958 [Forwarding findElement on session 017a270a-cbef-4c96-9f4f-6d39d3b954d4 to remote] DEBUG org.apache.http.wire  - http-outgoing-2 >> "Connection: Keep-Alive[\r][\n]"
5958 [Forwarding findElement on session 017a270a-cbef-4c96-9f4f-6d39d3b954d4 to remote] DEBUG org.apache.http.wire  - http-outgoing-2 >> "User-Agent: Apache-HttpClient/4.3.4 (java 1.5)[\r][\n]"
5958 [Forwarding findElement on session 017a270a-cbef-4c96-9f4f-6d39d3b954d4 to remote] DEBUG org.apache.http.wire  - http-outgoing-2 >> "Accept-Encoding: gzip,deflate[\r][\n]"
5958 [Forwarding findElement on session 017a270a-cbef-4c96-9f4f-6d39d3b954d4 to remote] DEBUG org.apache.http.wire  - http-outgoing-2 >> "[\r][\n]"
5958 [Forwarding findElement on session 017a270a-cbef-4c96-9f4f-6d39d3b954d4 to remote] DEBUG org.apache.http.wire  - http-outgoing-2 >> "{"using":"id","value":"name-field"}"
6013 [Forwarding findElement on session 017a270a-cbef-4c96-9f4f-6d39d3b954d4 to remote] DEBUG org.apache.http.wire  - http-outgoing-2 << "HTTP/1.1 200 OK[\r][\n]"
6013 [Forwarding findElement on session 017a270a-cbef-4c96-9f4f-6d39d3b954d4 to remote] DEBUG org.apache.http.wire  - http-outgoing-2 << "content-type: application/json; charset=UTF-8[\r][\n]"
6013 [Forwarding findElement on session 017a270a-cbef-4c96-9f4f-6d39d3b954d4 to remote] DEBUG org.apache.http.wire  - http-outgoing-2 << "connection: close[\r][\n]"
6013 [Forwarding findElement on session 017a270a-cbef-4c96-9f4f-6d39d3b954d4 to remote] DEBUG org.apache.http.wire  - http-outgoing-2 << "content-length: 145[\r][\n]"
6013 [Forwarding findElement on session 017a270a-cbef-4c96-9f4f-6d39d3b954d4 to remote] DEBUG org.apache.http.wire  - http-outgoing-2 << "server: httpd.js[\r][\n]"
6013 [Forwarding findElement on session 017a270a-cbef-4c96-9f4f-6d39d3b954d4 to remote] DEBUG org.apache.http.wire  - http-outgoing-2 << "date: Tue, 05 May 2015 22:33:04 GMT[\r][\n]"
6013 [Forwarding findElement on session 017a270a-cbef-4c96-9f4f-6d39d3b954d4 to remote] DEBUG org.apache.http.wire  - http-outgoing-2 << "[\r][\n]"
6013 [Forwarding findElement on session 017a270a-cbef-4c96-9f4f-6d39d3b954d4 to remote] DEBUG org.apache.http.headers  - http-outgoing-2 << HTTP/1.1 200 OK
6013 [Forwarding findElement on session 017a270a-cbef-4c96-9f4f-6d39d3b954d4 to remote] DEBUG org.apache.http.headers  - http-outgoing-2 << content-type: application/json; charset=UTF-8
6013 [Forwarding findElement on session 017a270a-cbef-4c96-9f4f-6d39d3b954d4 to remote] DEBUG org.apache.http.headers  - http-outgoing-2 << connection: close
6013 [Forwarding findElement on session 017a270a-cbef-4c96-9f4f-6d39d3b954d4 to remote] DEBUG org.apache.http.headers  - http-outgoing-2 << content-length: 145
6013 [Forwarding findElement on session 017a270a-cbef-4c96-9f4f-6d39d3b954d4 to remote] DEBUG org.apache.http.headers  - http-outgoing-2 << server: httpd.js
6013 [Forwarding findElement on session 017a270a-cbef-4c96-9f4f-6d39d3b954d4 to remote] DEBUG org.apache.http.headers  - http-outgoing-2 << date: Tue, 05 May 2015 22:33:04 GMT
6013 [Forwarding findElement on session 017a270a-cbef-4c96-9f4f-6d39d3b954d4 to remote] DEBUG org.apache.http.wire  - http-outgoing-2 << "{"name":"findElement","sessionId":"017a270a-cbef-4c96-9f4f-6d39d3b954d4","status":0,"value":{"ELEMENT":"{f59a515b-d3d4-4b1a-8b40-05c4bed434cc}"}}"
6013 [Forwarding findElement on session 017a270a-cbef-4c96-9f4f-6d39d3b954d4 to remote] DEBUG org.apache.http.impl.conn.DefaultManagedHttpClientConnection  - http-outgoing-2: Shutdown connection
6013 [Forwarding findElement on session 017a270a-cbef-4c96-9f4f-6d39d3b954d4 to remote] DEBUG org.apache.http.impl.execchain.MainClientExec  - Connection discarded
6013 [Forwarding findElement on session 017a270a-cbef-4c96-9f4f-6d39d3b954d4 to remote] DEBUG org.apache.http.impl.conn.DefaultManagedHttpClientConnection  - http-outgoing-2: Close connection
6013 [Forwarding findElement on session 017a270a-cbef-4c96-9f4f-6d39d3b954d4 to remote] DEBUG org.apache.http.impl.conn.PoolingHttpClientConnectionManager  - Connection released: [id: 2][route: {}->http://127.0.0.1:7055][total kept alive: 0; route allocated: 0 of 2000; total allocated: 0 of 2000]
6013 [Forwarding sendKeysToElement on session 017a270a-cbef-4c96-9f4f-6d39d3b954d4 to remote] DEBUG org.apache.http.client.protocol.RequestAddCookies  - CookieSpec selected: best-match
6013 [Forwarding sendKeysToElement on session 017a270a-cbef-4c96-9f4f-6d39d3b954d4 to remote] DEBUG org.apache.http.client.protocol.RequestAuthCache  - Auth cache not set in the context
6013 [Forwarding sendKeysToElement on session 017a270a-cbef-4c96-9f4f-6d39d3b954d4 to remote] DEBUG org.apache.http.impl.conn.PoolingHttpClientConnectionManager  - Connection request: [route: {}->http://127.0.0.1:7055][total kept alive: 0; route allocated: 0 of 2000; total allocated: 0 of 2000]
6013 [Forwarding sendKeysToElement on session 017a270a-cbef-4c96-9f4f-6d39d3b954d4 to remote] DEBUG org.apache.http.impl.conn.PoolingHttpClientConnectionManager  - Connection leased: [id: 3][route: {}->http://127.0.0.1:7055][total kept alive: 0; route allocated: 1 of 2000; total allocated: 1 of 2000]
6013 [Forwarding sendKeysToElement on session 017a270a-cbef-4c96-9f4f-6d39d3b954d4 to remote] DEBUG org.apache.http.impl.execchain.MainClientExec  - Opening connection {}->http://127.0.0.1:7055
6013 [Forwarding sendKeysToElement on session 017a270a-cbef-4c96-9f4f-6d39d3b954d4 to remote] DEBUG org.apache.http.impl.conn.HttpClientConnectionOperator  - Connecting to /127.0.0.1:7055
6013 [Forwarding sendKeysToElement on session 017a270a-cbef-4c96-9f4f-6d39d3b954d4 to remote] DEBUG org.apache.http.impl.conn.HttpClientConnectionOperator  - Connection established 127.0.0.1:49569<->127.0.0.1:7055
6013 [Forwarding sendKeysToElement on session 017a270a-cbef-4c96-9f4f-6d39d3b954d4 to remote] DEBUG org.apache.http.impl.execchain.MainClientExec  - Executing request POST /hub/session/017a270a-cbef-4c96-9f4f-6d39d3b954d4/element/%7Bf59a515b-d3d4-4b1a-8b40-05c4bed434cc%7D/value HTTP/1.1
6013 [Forwarding sendKeysToElement on session 017a270a-cbef-4c96-9f4f-6d39d3b954d4 to remote] DEBUG org.apache.http.impl.execchain.MainClientExec  - Target auth state: UNCHALLENGED
6013 [Forwarding sendKeysToElement on session 017a270a-cbef-4c96-9f4f-6d39d3b954d4 to remote] DEBUG org.apache.http.impl.execchain.MainClientExec  - Proxy auth state: UNCHALLENGED
6013 [Forwarding sendKeysToElement on session 017a270a-cbef-4c96-9f4f-6d39d3b954d4 to remote] DEBUG org.apache.http.headers  - http-outgoing-3 >> POST /hub/session/017a270a-cbef-4c96-9f4f-6d39d3b954d4/element/%7Bf59a515b-d3d4-4b1a-8b40-05c4bed434cc%7D/value HTTP/1.1
6013 [Forwarding sendKeysToElement on session 017a270a-cbef-4c96-9f4f-6d39d3b954d4 to remote] DEBUG org.apache.http.headers  - http-outgoing-3 >> Content-Type: application/json; charset=utf-8
6013 [Forwarding sendKeysToElement on session 017a270a-cbef-4c96-9f4f-6d39d3b954d4 to remote] DEBUG org.apache.http.headers  - http-outgoing-3 >> Content-Length: 67
6013 [Forwarding sendKeysToElement on session 017a270a-cbef-4c96-9f4f-6d39d3b954d4 to remote] DEBUG org.apache.http.headers  - http-outgoing-3 >> Host: 127.0.0.1:7055
6013 [Forwarding sendKeysToElement on session 017a270a-cbef-4c96-9f4f-6d39d3b954d4 to remote] DEBUG org.apache.http.headers  - http-outgoing-3 >> Connection: Keep-Alive
6013 [Forwarding sendKeysToElement on session 017a270a-cbef-4c96-9f4f-6d39d3b954d4 to remote] DEBUG org.apache.http.headers  - http-outgoing-3 >> User-Agent: Apache-HttpClient/4.3.4 (java 1.5)
6013 [Forwarding sendKeysToElement on session 017a270a-cbef-4c96-9f4f-6d39d3b954d4 to remote] DEBUG org.apache.http.headers  - http-outgoing-3 >> Accept-Encoding: gzip,deflate
6013 [Forwarding sendKeysToElement on session 017a270a-cbef-4c96-9f4f-6d39d3b954d4 to remote] DEBUG org.apache.http.wire  - http-outgoing-3 >> "POST /hub/session/017a270a-cbef-4c96-9f4f-6d39d3b954d4/element/%7Bf59a515b-d3d4-4b1a-8b40-05c4bed434cc%7D/value HTTP/1.1[\r][\n]"
6013 [Forwarding sendKeysToElement on session 017a270a-cbef-4c96-9f4f-6d39d3b954d4 to remote] DEBUG org.apache.http.wire  - http-outgoing-3 >> "Content-Type: application/json; charset=utf-8[\r][\n]"
6013 [Forwarding sendKeysToElement on session 017a270a-cbef-4c96-9f4f-6d39d3b954d4 to remote] DEBUG org.apache.http.wire  - http-outgoing-3 >> "Content-Length: 67[\r][\n]"
6013 [Forwarding sendKeysToElement on session 017a270a-cbef-4c96-9f4f-6d39d3b954d4 to remote] DEBUG org.apache.http.wire  - http-outgoing-3 >> "Host: 127.0.0.1:7055[\r][\n]"
6013 [Forwarding sendKeysToElement on session 017a270a-cbef-4c96-9f4f-6d39d3b954d4 to remote] DEBUG org.apache.http.wire  - http-outgoing-3 >> "Connection: Keep-Alive[\r][\n]"
6013 [Forwarding sendKeysToElement on session 017a270a-cbef-4c96-9f4f-6d39d3b954d4 to remote] DEBUG org.apache.http.wire  - http-outgoing-3 >> "User-Agent: Apache-HttpClient/4.3.4 (java 1.5)[\r][\n]"
6013 [Forwarding sendKeysToElement on session 017a270a-cbef-4c96-9f4f-6d39d3b954d4 to remote] DEBUG org.apache.http.wire  - http-outgoing-3 >> "Accept-Encoding: gzip,deflate[\r][\n]"
6013 [Forwarding sendKeysToElement on session 017a270a-cbef-4c96-9f4f-6d39d3b954d4 to remote] DEBUG org.apache.http.wire  - http-outgoing-3 >> "[\r][\n]"
6013 [Forwarding sendKeysToElement on session 017a270a-cbef-4c96-9f4f-6d39d3b954d4 to remote] DEBUG org.apache.http.wire  - http-outgoing-3 >> "{"id":"{f59a515b-d3d4-4b1a-8b40-05c4bed434cc}","value":["yc03808"]}"
6089 [Forwarding sendKeysToElement on session 017a270a-cbef-4c96-9f4f-6d39d3b954d4 to remote] DEBUG org.apache.http.wire  - http-outgoing-3 << "HTTP/1.1 200 OK[\r][\n]"
6089 [Forwarding sendKeysToElement on session 017a270a-cbef-4c96-9f4f-6d39d3b954d4 to remote] DEBUG org.apache.http.wire  - http-outgoing-3 << "content-type: application/json; charset=UTF-8[\r][\n]"
6089 [Forwarding sendKeysToElement on session 017a270a-cbef-4c96-9f4f-6d39d3b954d4 to remote] DEBUG org.apache.http.wire  - http-outgoing-3 << "connection: close[\r][\n]"
6089 [Forwarding sendKeysToElement on session 017a270a-cbef-4c96-9f4f-6d39d3b954d4 to remote] DEBUG org.apache.http.wire  - http-outgoing-3 << "content-length: 101[\r][\n]"
6089 [Forwarding sendKeysToElement on session 017a270a-cbef-4c96-9f4f-6d39d3b954d4 to remote] DEBUG org.apache.http.wire  - http-outgoing-3 << "server: httpd.js[\r][\n]"
6089 [Forwarding sendKeysToElement on session 017a270a-cbef-4c96-9f4f-6d39d3b954d4 to remote] DEBUG org.apache.http.wire  - http-outgoing-3 << "date: Tue, 05 May 2015 22:33:04 GMT[\r][\n]"
6089 [Forwarding sendKeysToElement on session 017a270a-cbef-4c96-9f4f-6d39d3b954d4 to remote] DEBUG org.apache.http.wire  - http-outgoing-3 << "[\r][\n]"
6090 [Forwarding sendKeysToElement on session 017a270a-cbef-4c96-9f4f-6d39d3b954d4 to remote] DEBUG org.apache.http.headers  - http-outgoing-3 << HTTP/1.1 200 OK
6090 [Forwarding sendKeysToElement on session 017a270a-cbef-4c96-9f4f-6d39d3b954d4 to remote] DEBUG org.apache.http.headers  - http-outgoing-3 << content-type: application/json; charset=UTF-8
6090 [Forwarding sendKeysToElement on session 017a270a-cbef-4c96-9f4f-6d39d3b954d4 to remote] DEBUG org.apache.http.headers  - http-outgoing-3 << connection: close
6090 [Forwarding sendKeysToElement on session 017a270a-cbef-4c96-9f4f-6d39d3b954d4 to remote] DEBUG org.apache.http.headers  - http-outgoing-3 << content-length: 101
6090 [Forwarding sendKeysToElement on session 017a270a-cbef-4c96-9f4f-6d39d3b954d4 to remote] DEBUG org.apache.http.headers  - http-outgoing-3 << server: httpd.js
6090 [Forwarding sendKeysToElement on session 017a270a-cbef-4c96-9f4f-6d39d3b954d4 to remote] DEBUG org.apache.http.headers  - http-outgoing-3 << date: Tue, 05 May 2015 22:33:04 GMT
6090 [Forwarding sendKeysToElement on session 017a270a-cbef-4c96-9f4f-6d39d3b954d4 to remote] DEBUG org.apache.http.wire  - http-outgoing-3 << "{"name":"sendKeysToElement","sessionId":"017a270a-cbef-4c96-9f4f-6d39d3b954d4","status":0,"value":""}"
6090 [Forwarding sendKeysToElement on session 017a270a-cbef-4c96-9f4f-6d39d3b954d4 to remote] DEBUG org.apache.http.impl.conn.DefaultManagedHttpClientConnection  - http-outgoing-3: Shutdown connection
6090 [Forwarding sendKeysToElement on session 017a270a-cbef-4c96-9f4f-6d39d3b954d4 to remote] DEBUG org.apache.http.impl.execchain.MainClientExec  - Connection discarded
6090 [Forwarding sendKeysToElement on session 017a270a-cbef-4c96-9f4f-6d39d3b954d4 to remote] DEBUG org.apache.http.impl.conn.DefaultManagedHttpClientConnection  - http-outgoing-3: Close connection
6090 [Forwarding sendKeysToElement on session 017a270a-cbef-4c96-9f4f-6d39d3b954d4 to remote] DEBUG org.apache.http.impl.conn.PoolingHttpClientConnectionManager  - Connection released: [id: 3][route: {}->http://127.0.0.1:7055][total kept alive: 0; route allocated: 0 of 2000; total allocated: 0 of 2000]
6091 [Forwarding findElement on session 017a270a-cbef-4c96-9f4f-6d39d3b954d4 to remote] DEBUG org.apache.http.client.protocol.RequestAddCookies  - CookieSpec selected: best-match
6092 [Forwarding findElement on session 017a270a-cbef-4c96-9f4f-6d39d3b954d4 to remote] DEBUG org.apache.http.client.protocol.RequestAuthCache  - Auth cache not set in the context
6092 [Forwarding findElement on session 017a270a-cbef-4c96-9f4f-6d39d3b954d4 to remote] DEBUG org.apache.http.impl.conn.PoolingHttpClientConnectionManager  - Connection request: [route: {}->http://127.0.0.1:7055][total kept alive: 0; route allocated: 0 of 2000; total allocated: 0 of 2000]
6092 [Forwarding findElement on session 017a270a-cbef-4c96-9f4f-6d39d3b954d4 to remote] DEBUG org.apache.http.impl.conn.PoolingHttpClientConnectionManager  - Connection leased: [id: 4][route: {}->http://127.0.0.1:7055][total kept alive: 0; route allocated: 1 of 2000; total allocated: 1 of 2000]
6092 [Forwarding findElement on session 017a270a-cbef-4c96-9f4f-6d39d3b954d4 to remote] DEBUG org.apache.http.impl.execchain.MainClientExec  - Opening connection {}->http://127.0.0.1:7055
6092 [Forwarding findElement on session 017a270a-cbef-4c96-9f4f-6d39d3b954d4 to remote] DEBUG org.apache.http.impl.conn.HttpClientConnectionOperator  - Connecting to /127.0.0.1:7055
6092 [Forwarding findElement on session 017a270a-cbef-4c96-9f4f-6d39d3b954d4 to remote] DEBUG org.apache.http.impl.conn.HttpClientConnectionOperator  - Connection established 127.0.0.1:49570<->127.0.0.1:7055
6092 [Forwarding findElement on session 017a270a-cbef-4c96-9f4f-6d39d3b954d4 to remote] DEBUG org.apache.http.impl.execchain.MainClientExec  - Executing request POST /hub/session/017a270a-cbef-4c96-9f4f-6d39d3b954d4/element HTTP/1.1
6092 [Forwarding findElement on session 017a270a-cbef-4c96-9f4f-6d39d3b954d4 to remote] DEBUG org.apache.http.impl.execchain.MainClientExec  - Target auth state: UNCHALLENGED
6092 [Forwarding findElement on session 017a270a-cbef-4c96-9f4f-6d39d3b954d4 to remote] DEBUG org.apache.http.impl.execchain.MainClientExec  - Proxy auth state: UNCHALLENGED
6092 [Forwarding findElement on session 017a270a-cbef-4c96-9f4f-6d39d3b954d4 to remote] DEBUG org.apache.http.headers  - http-outgoing-4 >> POST /hub/session/017a270a-cbef-4c96-9f4f-6d39d3b954d4/element HTTP/1.1
6092 [Forwarding findElement on session 017a270a-cbef-4c96-9f4f-6d39d3b954d4 to remote] DEBUG org.apache.http.headers  - http-outgoing-4 >> Content-Type: application/json; charset=utf-8
6092 [Forwarding findElement on session 017a270a-cbef-4c96-9f4f-6d39d3b954d4 to remote] DEBUG org.apache.http.headers  - http-outgoing-4 >> Content-Length: 39
6093 [Forwarding findElement on session 017a270a-cbef-4c96-9f4f-6d39d3b954d4 to remote] DEBUG org.apache.http.headers  - http-outgoing-4 >> Host: 127.0.0.1:7055
6093 [Forwarding findElement on session 017a270a-cbef-4c96-9f4f-6d39d3b954d4 to remote] DEBUG org.apache.http.headers  - http-outgoing-4 >> Connection: Keep-Alive
6093 [Forwarding findElement on session 017a270a-cbef-4c96-9f4f-6d39d3b954d4 to remote] DEBUG org.apache.http.headers  - http-outgoing-4 >> User-Agent: Apache-HttpClient/4.3.4 (java 1.5)
6093 [Forwarding findElement on session 017a270a-cbef-4c96-9f4f-6d39d3b954d4 to remote] DEBUG org.apache.http.headers  - http-outgoing-4 >> Accept-Encoding: gzip,deflate
6093 [Forwarding findElement on session 017a270a-cbef-4c96-9f4f-6d39d3b954d4 to remote] DEBUG org.apache.http.wire  - http-outgoing-4 >> "POST /hub/session/017a270a-cbef-4c96-9f4f-6d39d3b954d4/element HTTP/1.1[\r][\n]"
6093 [Forwarding findElement on session 017a270a-cbef-4c96-9f4f-6d39d3b954d4 to remote] DEBUG org.apache.http.wire  - http-outgoing-4 >> "Content-Type: application/json; charset=utf-8[\r][\n]"
6093 [Forwarding findElement on session 017a270a-cbef-4c96-9f4f-6d39d3b954d4 to remote] DEBUG org.apache.http.wire  - http-outgoing-4 >> "Content-Length: 39[\r][\n]"
6093 [Forwarding findElement on session 017a270a-cbef-4c96-9f4f-6d39d3b954d4 to remote] DEBUG org.apache.http.wire  - http-outgoing-4 >> "Host: 127.0.0.1:7055[\r][\n]"
6093 [Forwarding findElement on session 017a270a-cbef-4c96-9f4f-6d39d3b954d4 to remote] DEBUG org.apache.http.wire  - http-outgoing-4 >> "Connection: Keep-Alive[\r][\n]"
6093 [Forwarding findElement on session 017a270a-cbef-4c96-9f4f-6d39d3b954d4 to remote] DEBUG org.apache.http.wire  - http-outgoing-4 >> "User-Agent: Apache-HttpClient/4.3.4 (java 1.5)[\r][\n]"
6093 [Forwarding findElement on session 017a270a-cbef-4c96-9f4f-6d39d3b954d4 to remote] DEBUG org.apache.http.wire  - http-outgoing-4 >> "Accept-Encoding: gzip,deflate[\r][\n]"
6093 [Forwarding findElement on session 017a270a-cbef-4c96-9f4f-6d39d3b954d4 to remote] DEBUG org.apache.http.wire  - http-outgoing-4 >> "[\r][\n]"
6093 [Forwarding findElement on session 017a270a-cbef-4c96-9f4f-6d39d3b954d4 to remote] DEBUG org.apache.http.wire  - http-outgoing-4 >> "{"using":"id","value":"password-field"}"
6098 [Forwarding findElement on session 017a270a-cbef-4c96-9f4f-6d39d3b954d4 to remote] DEBUG org.apache.http.wire  - http-outgoing-4 << "HTTP/1.1 200 OK[\r][\n]"
6098 [Forwarding findElement on session 017a270a-cbef-4c96-9f4f-6d39d3b954d4 to remote] DEBUG org.apache.http.wire  - http-outgoing-4 << "content-type: application/json; charset=UTF-8[\r][\n]"
6098 [Forwarding findElement on session 017a270a-cbef-4c96-9f4f-6d39d3b954d4 to remote] DEBUG org.apache.http.wire  - http-outgoing-4 << "connection: close[\r][\n]"
6098 [Forwarding findElement on session 017a270a-cbef-4c96-9f4f-6d39d3b954d4 to remote] DEBUG org.apache.http.wire  - http-outgoing-4 << "content-length: 145[\r][\n]"
6098 [Forwarding findElement on session 017a270a-cbef-4c96-9f4f-6d39d3b954d4 to remote] DEBUG org.apache.http.wire  - http-outgoing-4 << "server: httpd.js[\r][\n]"
6098 [Forwarding findElement on session 017a270a-cbef-4c96-9f4f-6d39d3b954d4 to remote] DEBUG org.apache.http.wire  - http-outgoing-4 << "date: Tue, 05 May 2015 22:33:04 GMT[\r][\n]"
6098 [Forwarding findElement on session 017a270a-cbef-4c96-9f4f-6d39d3b954d4 to remote] DEBUG org.apache.http.wire  - http-outgoing-4 << "[\r][\n]"
6098 [Forwarding findElement on session 017a270a-cbef-4c96-9f4f-6d39d3b954d4 to remote] DEBUG org.apache.http.headers  - http-outgoing-4 << HTTP/1.1 200 OK
6098 [Forwarding findElement on session 017a270a-cbef-4c96-9f4f-6d39d3b954d4 to remote] DEBUG org.apache.http.headers  - http-outgoing-4 << content-type: application/json; charset=UTF-8
6098 [Forwarding findElement on session 017a270a-cbef-4c96-9f4f-6d39d3b954d4 to remote] DEBUG org.apache.http.headers  - http-outgoing-4 << connection: close
6098 [Forwarding findElement on session 017a270a-cbef-4c96-9f4f-6d39d3b954d4 to remote] DEBUG org.apache.http.headers  - http-outgoing-4 << content-length: 145
6098 [Forwarding findElement on session 017a270a-cbef-4c96-9f4f-6d39d3b954d4 to remote] DEBUG org.apache.http.headers  - http-outgoing-4 << server: httpd.js
6098 [Forwarding findElement on session 017a270a-cbef-4c96-9f4f-6d39d3b954d4 to remote] DEBUG org.apache.http.headers  - http-outgoing-4 << date: Tue, 05 May 2015 22:33:04 GMT
6099 [Forwarding findElement on session 017a270a-cbef-4c96-9f4f-6d39d3b954d4 to remote] DEBUG org.apache.http.wire  - http-outgoing-4 << "{"name":"findElement","sessionId":"017a270a-cbef-4c96-9f4f-6d39d3b954d4","status":0,"value":{"ELEMENT":"{1ab0cdb0-1510-4476-8d23-efa15df91981}"}}"
6099 [Forwarding findElement on session 017a270a-cbef-4c96-9f4f-6d39d3b954d4 to remote] DEBUG org.apache.http.impl.conn.DefaultManagedHttpClientConnection  - http-outgoing-4: Shutdown connection
6099 [Forwarding findElement on session 017a270a-cbef-4c96-9f4f-6d39d3b954d4 to remote] DEBUG org.apache.http.impl.execchain.MainClientExec  - Connection discarded
6099 [Forwarding findElement on session 017a270a-cbef-4c96-9f4f-6d39d3b954d4 to remote] DEBUG org.apache.http.impl.conn.DefaultManagedHttpClientConnection  - http-outgoing-4: Close connection
6099 [Forwarding findElement on session 017a270a-cbef-4c96-9f4f-6d39d3b954d4 to remote] DEBUG org.apache.http.impl.conn.PoolingHttpClientConnectionManager  - Connection released: [id: 4][route: {}->http://127.0.0.1:7055][total kept alive: 0; route allocated: 0 of 2000; total allocated: 0 of 2000]
6100 [Forwarding sendKeysToElement on session 017a270a-cbef-4c96-9f4f-6d39d3b954d4 to remote] DEBUG org.apache.http.client.protocol.RequestAddCookies  - CookieSpec selected: best-match
6100 [Forwarding sendKeysToElement on session 017a270a-cbef-4c96-9f4f-6d39d3b954d4 to remote] DEBUG org.apache.http.client.protocol.RequestAuthCache  - Auth cache not set in the context
6100 [Forwarding sendKeysToElement on session 017a270a-cbef-4c96-9f4f-6d39d3b954d4 to remote] DEBUG org.apache.http.impl.conn.PoolingHttpClientConnectionManager  - Connection request: [route: {}->http://127.0.0.1:7055][total kept alive: 0; route allocated: 0 of 2000; total allocated: 0 of 2000]
6101 [Forwarding sendKeysToElement on session 017a270a-cbef-4c96-9f4f-6d39d3b954d4 to remote] DEBUG org.apache.http.impl.conn.PoolingHttpClientConnectionManager  - Connection leased: [id: 5][route: {}->http://127.0.0.1:7055][total kept alive: 0; route allocated: 1 of 2000; total allocated: 1 of 2000]
6101 [Forwarding sendKeysToElement on session 017a270a-cbef-4c96-9f4f-6d39d3b954d4 to remote] DEBUG org.apache.http.impl.execchain.MainClientExec  - Opening connection {}->http://127.0.0.1:7055
6101 [Forwarding sendKeysToElement on session 017a270a-cbef-4c96-9f4f-6d39d3b954d4 to remote] DEBUG org.apache.http.impl.conn.HttpClientConnectionOperator  - Connecting to /127.0.0.1:7055
6101 [Forwarding sendKeysToElement on session 017a270a-cbef-4c96-9f4f-6d39d3b954d4 to remote] DEBUG org.apache.http.impl.conn.HttpClientConnectionOperator  - Connection established 127.0.0.1:49571<->127.0.0.1:7055
6101 [Forwarding sendKeysToElement on session 017a270a-cbef-4c96-9f4f-6d39d3b954d4 to remote] DEBUG org.apache.http.impl.execchain.MainClientExec  - Executing request POST /hub/session/017a270a-cbef-4c96-9f4f-6d39d3b954d4/element/%7B1ab0cdb0-1510-4476-8d23-efa15df91981%7D/value HTTP/1.1
6101 [Forwarding sendKeysToElement on session 017a270a-cbef-4c96-9f4f-6d39d3b954d4 to remote] DEBUG org.apache.http.impl.execchain.MainClientExec  - Target auth state: UNCHALLENGED
6101 [Forwarding sendKeysToElement on session 017a270a-cbef-4c96-9f4f-6d39d3b954d4 to remote] DEBUG org.apache.http.impl.execchain.MainClientExec  - Proxy auth state: UNCHALLENGED
6101 [Forwarding sendKeysToElement on session 017a270a-cbef-4c96-9f4f-6d39d3b954d4 to remote] DEBUG org.apache.http.headers  - http-outgoing-5 >> POST /hub/session/017a270a-cbef-4c96-9f4f-6d39d3b954d4/element/%7B1ab0cdb0-1510-4476-8d23-efa15df91981%7D/value HTTP/1.1
6101 [Forwarding sendKeysToElement on session 017a270a-cbef-4c96-9f4f-6d39d3b954d4 to remote] DEBUG org.apache.http.headers  - http-outgoing-5 >> Content-Type: application/json; charset=utf-8
6101 [Forwarding sendKeysToElement on session 017a270a-cbef-4c96-9f4f-6d39d3b954d4 to remote] DEBUG org.apache.http.headers  - http-outgoing-5 >> Content-Length: 69
6101 [Forwarding sendKeysToElement on session 017a270a-cbef-4c96-9f4f-6d39d3b954d4 to remote] DEBUG org.apache.http.headers  - http-outgoing-5 >> Host: 127.0.0.1:7055
6101 [Forwarding sendKeysToElement on session 017a270a-cbef-4c96-9f4f-6d39d3b954d4 to remote] DEBUG org.apache.http.headers  - http-outgoing-5 >> Connection: Keep-Alive
6101 [Forwarding sendKeysToElement on session 017a270a-cbef-4c96-9f4f-6d39d3b954d4 to remote] DEBUG org.apache.http.headers  - http-outgoing-5 >> User-Agent: Apache-HttpClient/4.3.4 (java 1.5)
6101 [Forwarding sendKeysToElement on session 017a270a-cbef-4c96-9f4f-6d39d3b954d4 to remote] DEBUG org.apache.http.headers  - http-outgoing-5 >> Accept-Encoding: gzip,deflate
6102 [Forwarding sendKeysToElement on session 017a270a-cbef-4c96-9f4f-6d39d3b954d4 to remote] DEBUG org.apache.http.wire  - http-outgoing-5 >> "POST /hub/session/017a270a-cbef-4c96-9f4f-6d39d3b954d4/element/%7B1ab0cdb0-1510-4476-8d23-efa15df91981%7D/value HTTP/1.1[\r][\n]"
6102 [Forwarding sendKeysToElement on session 017a270a-cbef-4c96-9f4f-6d39d3b954d4 to remote] DEBUG org.apache.http.wire  - http-outgoing-5 >> "Content-Type: application/json; charset=utf-8[\r][\n]"
6102 [Forwarding sendKeysToElement on session 017a270a-cbef-4c96-9f4f-6d39d3b954d4 to remote] DEBUG org.apache.http.wire  - http-outgoing-5 >> "Content-Length: 69[\r][\n]"
6102 [Forwarding sendKeysToElement on session 017a270a-cbef-4c96-9f4f-6d39d3b954d4 to remote] DEBUG org.apache.http.wire  - http-outgoing-5 >> "Host: 127.0.0.1:7055[\r][\n]"
6102 [Forwarding sendKeysToElement on session 017a270a-cbef-4c96-9f4f-6d39d3b954d4 to remote] DEBUG org.apache.http.wire  - http-outgoing-5 >> "Connection: Keep-Alive[\r][\n]"
6102 [Forwarding sendKeysToElement on session 017a270a-cbef-4c96-9f4f-6d39d3b954d4 to remote] DEBUG org.apache.http.wire  - http-outgoing-5 >> "User-Agent: Apache-HttpClient/4.3.4 (java 1.5)[\r][\n]"
6102 [Forwarding sendKeysToElement on session 017a270a-cbef-4c96-9f4f-6d39d3b954d4 to remote] DEBUG org.apache.http.wire  - http-outgoing-5 >> "Accept-Encoding: gzip,deflate[\r][\n]"
6102 [Forwarding sendKeysToElement on session 017a270a-cbef-4c96-9f4f-6d39d3b954d4 to remote] DEBUG org.apache.http.wire  - http-outgoing-5 >> "[\r][\n]"
6102 [Forwarding sendKeysToElement on session 017a270a-cbef-4c96-9f4f-6d39d3b954d4 to remote] DEBUG org.apache.http.wire  - http-outgoing-5 >> "{"id":"{1ab0cdb0-1510-4476-8d23-efa15df91981}","value":["kuchU@123"]}"
6410 [Forwarding sendKeysToElement on session 017a270a-cbef-4c96-9f4f-6d39d3b954d4 to remote] DEBUG org.apache.http.wire  - http-outgoing-5 << "HTTP/1.1 200 OK[\r][\n]"
6410 [Forwarding sendKeysToElement on session 017a270a-cbef-4c96-9f4f-6d39d3b954d4 to remote] DEBUG org.apache.http.wire  - http-outgoing-5 << "content-type: application/json; charset=UTF-8[\r][\n]"
6410 [Forwarding sendKeysToElement on session 017a270a-cbef-4c96-9f4f-6d39d3b954d4 to remote] DEBUG org.apache.http.wire  - http-outgoing-5 << "connection: close[\r][\n]"
6410 [Forwarding sendKeysToElement on session 017a270a-cbef-4c96-9f4f-6d39d3b954d4 to remote] DEBUG org.apache.http.wire  - http-outgoing-5 << "content-length: 101[\r][\n]"
6410 [Forwarding sendKeysToElement on session 017a270a-cbef-4c96-9f4f-6d39d3b954d4 to remote] DEBUG org.apache.http.wire  - http-outgoing-5 << "server: httpd.js[\r][\n]"
6410 [Forwarding sendKeysToElement on session 017a270a-cbef-4c96-9f4f-6d39d3b954d4 to remote] DEBUG org.apache.http.wire  - http-outgoing-5 << "date: Tue, 05 May 2015 22:33:05 GMT[\r][\n]"
6410 [Forwarding sendKeysToElement on session 017a270a-cbef-4c96-9f4f-6d39d3b954d4 to remote] DEBUG org.apache.http.wire  - http-outgoing-5 << "[\r][\n]"
6410 [Forwarding sendKeysToElement on session 017a270a-cbef-4c96-9f4f-6d39d3b954d4 to remote] DEBUG org.apache.http.headers  - http-outgoing-5 << HTTP/1.1 200 OK
6410 [Forwarding sendKeysToElement on session 017a270a-cbef-4c96-9f4f-6d39d3b954d4 to remote] DEBUG org.apache.http.headers  - http-outgoing-5 << content-type: application/json; charset=UTF-8
6410 [Forwarding sendKeysToElement on session 017a270a-cbef-4c96-9f4f-6d39d3b954d4 to remote] DEBUG org.apache.http.headers  - http-outgoing-5 << connection: close
6410 [Forwarding sendKeysToElement on session 017a270a-cbef-4c96-9f4f-6d39d3b954d4 to remote] DEBUG org.apache.http.headers  - http-outgoing-5 << content-length: 101
6410 [Forwarding sendKeysToElement on session 017a270a-cbef-4c96-9f4f-6d39d3b954d4 to remote] DEBUG org.apache.http.headers  - http-outgoing-5 << server: httpd.js
6410 [Forwarding sendKeysToElement on session 017a270a-cbef-4c96-9f4f-6d39d3b954d4 to remote] DEBUG org.apache.http.headers  - http-outgoing-5 << date: Tue, 05 May 2015 22:33:05 GMT
6410 [Forwarding sendKeysToElement on session 017a270a-cbef-4c96-9f4f-6d39d3b954d4 to remote] DEBUG org.apache.http.wire  - http-outgoing-5 << "{"name":"sendKeysToElement","sessionId":"017a270a-cbef-4c96-9f4f-6d39d3b954d4","status":0,"value":""}"
6410 [Forwarding sendKeysToElement on session 017a270a-cbef-4c96-9f4f-6d39d3b954d4 to remote] DEBUG org.apache.http.impl.conn.DefaultManagedHttpClientConnection  - http-outgoing-5: Shutdown connection
6410 [Forwarding sendKeysToElement on session 017a270a-cbef-4c96-9f4f-6d39d3b954d4 to remote] DEBUG org.apache.http.impl.execchain.MainClientExec  - Connection discarded
6410 [Forwarding sendKeysToElement on session 017a270a-cbef-4c96-9f4f-6d39d3b954d4 to remote] DEBUG org.apache.http.impl.conn.DefaultManagedHttpClientConnection  - http-outgoing-5: Close connection
6410 [Forwarding sendKeysToElement on session 017a270a-cbef-4c96-9f4f-6d39d3b954d4 to remote] DEBUG org.apache.http.impl.conn.PoolingHttpClientConnectionManager  - Connection released: [id: 5][route: {}->http://127.0.0.1:7055][total kept alive: 0; route allocated: 0 of 2000; total allocated: 0 of 2000]
6410 [Forwarding findElement on session 017a270a-cbef-4c96-9f4f-6d39d3b954d4 to remote] DEBUG org.apache.http.client.protocol.RequestAddCookies  - CookieSpec selected: best-match
6410 [Forwarding findElement on session 017a270a-cbef-4c96-9f4f-6d39d3b954d4 to remote] DEBUG org.apache.http.client.protocol.RequestAuthCache  - Auth cache not set in the context
6410 [Forwarding findElement on session 017a270a-cbef-4c96-9f4f-6d39d3b954d4 to remote] DEBUG org.apache.http.impl.conn.PoolingHttpClientConnectionManager  - Connection request: [route: {}->http://127.0.0.1:7055][total kept alive: 0; route allocated: 0 of 2000; total allocated: 0 of 2000]
6410 [Forwarding findElement on session 017a270a-cbef-4c96-9f4f-6d39d3b954d4 to remote] DEBUG org.apache.http.impl.conn.PoolingHttpClientConnectionManager  - Connection leased: [id: 6][route: {}->http://127.0.0.1:7055][total kept alive: 0; route allocated: 1 of 2000; total allocated: 1 of 2000]
6410 [Forwarding findElement on session 017a270a-cbef-4c96-9f4f-6d39d3b954d4 to remote] DEBUG org.apache.http.impl.execchain.MainClientExec  - Opening connection {}->http://127.0.0.1:7055
6410 [Forwarding findElement on session 017a270a-cbef-4c96-9f4f-6d39d3b954d4 to remote] DEBUG org.apache.http.impl.conn.HttpClientConnectionOperator  - Connecting to /127.0.0.1:7055
6410 [Forwarding findElement on session 017a270a-cbef-4c96-9f4f-6d39d3b954d4 to remote] DEBUG org.apache.http.impl.conn.HttpClientConnectionOperator  - Connection established 127.0.0.1:49572<->127.0.0.1:7055
6410 [Forwarding findElement on session 017a270a-cbef-4c96-9f4f-6d39d3b954d4 to remote] DEBUG org.apache.http.impl.execchain.MainClientExec  - Executing request POST /hub/session/017a270a-cbef-4c96-9f4f-6d39d3b954d4/element HTTP/1.1
6410 [Forwarding findElement on session 017a270a-cbef-4c96-9f4f-6d39d3b954d4 to remote] DEBUG org.apache.http.impl.execchain.MainClientExec  - Target auth state: UNCHALLENGED
6410 [Forwarding findElement on session 017a270a-cbef-4c96-9f4f-6d39d3b954d4 to remote] DEBUG org.apache.http.impl.execchain.MainClientExec  - Proxy auth state: UNCHALLENGED
6410 [Forwarding findElement on session 017a270a-cbef-4c96-9f4f-6d39d3b954d4 to remote] DEBUG org.apache.http.headers  - http-outgoing-6 >> POST /hub/session/017a270a-cbef-4c96-9f4f-6d39d3b954d4/element HTTP/1.1
6410 [Forwarding findElement on session 017a270a-cbef-4c96-9f4f-6d39d3b954d4 to remote] DEBUG org.apache.http.headers  - http-outgoing-6 >> Content-Type: application/json; charset=utf-8
6410 [Forwarding findElement on session 017a270a-cbef-4c96-9f4f-6d39d3b954d4 to remote] DEBUG org.apache.http.headers  - http-outgoing-6 >> Content-Length: 100
6410 [Forwarding findElement on session 017a270a-cbef-4c96-9f4f-6d39d3b954d4 to remote] DEBUG org.apache.http.headers  - http-outgoing-6 >> Host: 127.0.0.1:7055
6420 [Forwarding findElement on session 017a270a-cbef-4c96-9f4f-6d39d3b954d4 to remote] DEBUG org.apache.http.headers  - http-outgoing-6 >> Connection: Keep-Alive
6420 [Forwarding findElement on session 017a270a-cbef-4c96-9f4f-6d39d3b954d4 to remote] DEBUG org.apache.http.headers  - http-outgoing-6 >> User-Agent: Apache-HttpClient/4.3.4 (java 1.5)
6420 [Forwarding findElement on session 017a270a-cbef-4c96-9f4f-6d39d3b954d4 to remote] DEBUG org.apache.http.headers  - http-outgoing-6 >> Accept-Encoding: gzip,deflate
6420 [Forwarding findElement on session 017a270a-cbef-4c96-9f4f-6d39d3b954d4 to remote] DEBUG org.apache.http.wire  - http-outgoing-6 >> "POST /hub/session/017a270a-cbef-4c96-9f4f-6d39d3b954d4/element HTTP/1.1[\r][\n]"
6420 [Forwarding findElement on session 017a270a-cbef-4c96-9f4f-6d39d3b954d4 to remote] DEBUG org.apache.http.wire  - http-outgoing-6 >> "Content-Type: application/json; charset=utf-8[\r][\n]"
6420 [Forwarding findElement on session 017a270a-cbef-4c96-9f4f-6d39d3b954d4 to remote] DEBUG org.apache.http.wire  - http-outgoing-6 >> "Content-Length: 100[\r][\n]"
6420 [Forwarding findElement on session 017a270a-cbef-4c96-9f4f-6d39d3b954d4 to remote] DEBUG org.apache.http.wire  - http-outgoing-6 >> "Host: 127.0.0.1:7055[\r][\n]"
6420 [Forwarding findElement on session 017a270a-cbef-4c96-9f4f-6d39d3b954d4 to remote] DEBUG org.apache.http.wire  - http-outgoing-6 >> "Connection: Keep-Alive[\r][\n]"
6420 [Forwarding findElement on session 017a270a-cbef-4c96-9f4f-6d39d3b954d4 to remote] DEBUG org.apache.http.wire  - http-outgoing-6 >> "User-Agent: Apache-HttpClient/4.3.4 (java 1.5)[\r][\n]"
6420 [Forwarding findElement on session 017a270a-cbef-4c96-9f4f-6d39d3b954d4 to remote] DEBUG org.apache.http.wire  - http-outgoing-6 >> "Accept-Encoding: gzip,deflate[\r][\n]"
6420 [Forwarding findElement on session 017a270a-cbef-4c96-9f4f-6d39d3b954d4 to remote] DEBUG org.apache.http.wire  - http-outgoing-6 >> "[\r][\n]"
6420 [Forwarding findElement on session 017a270a-cbef-4c96-9f4f-6d39d3b954d4 to remote] DEBUG org.apache.http.wire  - http-outgoing-6 >> "{"using":"xpath","value":"//input[@value\u003d\u0027Login\u0027 and @type\u003d\u0027submit\u0027]"}"
6430 [Forwarding findElement on session 017a270a-cbef-4c96-9f4f-6d39d3b954d4 to remote] DEBUG org.apache.http.wire  - http-outgoing-6 << "HTTP/1.1 200 OK[\r][\n]"
6430 [Forwarding findElement on session 017a270a-cbef-4c96-9f4f-6d39d3b954d4 to remote] DEBUG org.apache.http.wire  - http-outgoing-6 << "content-type: application/json; charset=UTF-8[\r][\n]"
6430 [Forwarding findElement on session 017a270a-cbef-4c96-9f4f-6d39d3b954d4 to remote] DEBUG org.apache.http.wire  - http-outgoing-6 << "connection: close[\r][\n]"
6430 [Forwarding findElement on session 017a270a-cbef-4c96-9f4f-6d39d3b954d4 to remote] DEBUG org.apache.http.wire  - http-outgoing-6 << "content-length: 145[\r][\n]"
6430 [Forwarding findElement on session 017a270a-cbef-4c96-9f4f-6d39d3b954d4 to remote] DEBUG org.apache.http.wire  - http-outgoing-6 << "server: httpd.js[\r][\n]"
6430 [Forwarding findElement on session 017a270a-cbef-4c96-9f4f-6d39d3b954d4 to remote] DEBUG org.apache.http.wire  - http-outgoing-6 << "date: Tue, 05 May 2015 22:33:05 GMT[\r][\n]"
6430 [Forwarding findElement on session 017a270a-cbef-4c96-9f4f-6d39d3b954d4 to remote] DEBUG org.apache.http.wire  - http-outgoing-6 << "[\r][\n]"
6430 [Forwarding findElement on session 017a270a-cbef-4c96-9f4f-6d39d3b954d4 to remote] DEBUG org.apache.http.headers  - http-outgoing-6 << HTTP/1.1 200 OK
6430 [Forwarding findElement on session 017a270a-cbef-4c96-9f4f-6d39d3b954d4 to remote] DEBUG org.apache.http.headers  - http-outgoing-6 << content-type: application/json; charset=UTF-8
6430 [Forwarding findElement on session 017a270a-cbef-4c96-9f4f-6d39d3b954d4 to remote] DEBUG org.apache.http.headers  - http-outgoing-6 << connection: close
6430 [Forwarding findElement on session 017a270a-cbef-4c96-9f4f-6d39d3b954d4 to remote] DEBUG org.apache.http.headers  - http-outgoing-6 << content-length: 145
6430 [Forwarding findElement on session 017a270a-cbef-4c96-9f4f-6d39d3b954d4 to remote] DEBUG org.apache.http.headers  - http-outgoing-6 << server: httpd.js
6430 [Forwarding findElement on session 017a270a-cbef-4c96-9f4f-6d39d3b954d4 to remote] DEBUG org.apache.http.headers  - http-outgoing-6 << date: Tue, 05 May 2015 22:33:05 GMT
6430 [Forwarding findElement on session 017a270a-cbef-4c96-9f4f-6d39d3b954d4 to remote] DEBUG org.apache.http.wire  - http-outgoing-6 << "{"name":"findElement","sessionId":"017a270a-cbef-4c96-9f4f-6d39d3b954d4","status":0,"value":{"ELEMENT":"{1136080c-d5b2-4dc5-b3a5-7e04cf8f5f9c}"}}"
6430 [Forwarding findElement on session 017a270a-cbef-4c96-9f4f-6d39d3b954d4 to remote] DEBUG org.apache.http.impl.conn.DefaultManagedHttpClientConnection  - http-outgoing-6: Shutdown connection
6430 [Forwarding findElement on session 017a270a-cbef-4c96-9f4f-6d39d3b954d4 to remote] DEBUG org.apache.http.impl.execchain.MainClientExec  - Connection discarded
6430 [Forwarding findElement on session 017a270a-cbef-4c96-9f4f-6d39d3b954d4 to remote] DEBUG org.apache.http.impl.conn.DefaultManagedHttpClientConnection  - http-outgoing-6: Close connection
6430 [Forwarding findElement on session 017a270a-cbef-4c96-9f4f-6d39d3b954d4 to remote] DEBUG org.apache.http.impl.conn.PoolingHttpClientConnectionManager  - Connection released: [id: 6][route: {}->http://127.0.0.1:7055][total kept alive: 0; route allocated: 0 of 2000; total allocated: 0 of 2000]
6430 [Forwarding clickElement on session 017a270a-cbef-4c96-9f4f-6d39d3b954d4 to remote] DEBUG org.apache.http.client.protocol.RequestAddCookies  - CookieSpec selected: best-match
6430 [Forwarding clickElement on session 017a270a-cbef-4c96-9f4f-6d39d3b954d4 to remote] DEBUG org.apache.http.client.protocol.RequestAuthCache  - Auth cache not set in the context
6430 [Forwarding clickElement on session 017a270a-cbef-4c96-9f4f-6d39d3b954d4 to remote] DEBUG org.apache.http.impl.conn.PoolingHttpClientConnectionManager  - Connection request: [route: {}->http://127.0.0.1:7055][total kept alive: 0; route allocated: 0 of 2000; total allocated: 0 of 2000]
6430 [Forwarding clickElement on session 017a270a-cbef-4c96-9f4f-6d39d3b954d4 to remote] DEBUG org.apache.http.impl.conn.PoolingHttpClientConnectionManager  - Connection leased: [id: 7][route: {}->http://127.0.0.1:7055][total kept alive: 0; route allocated: 1 of 2000; total allocated: 1 of 2000]
6430 [Forwarding clickElement on session 017a270a-cbef-4c96-9f4f-6d39d3b954d4 to remote] DEBUG org.apache.http.impl.execchain.MainClientExec  - Opening connection {}->http://127.0.0.1:7055
6430 [Forwarding clickElement on session 017a270a-cbef-4c96-9f4f-6d39d3b954d4 to remote] DEBUG org.apache.http.impl.conn.HttpClientConnectionOperator  - Connecting to /127.0.0.1:7055
6430 [Forwarding clickElement on session 017a270a-cbef-4c96-9f4f-6d39d3b954d4 to remote] DEBUG org.apache.http.impl.conn.HttpClientConnectionOperator  - Connection established 127.0.0.1:49573<->127.0.0.1:7055
6430 [Forwarding clickElement on session 017a270a-cbef-4c96-9f4f-6d39d3b954d4 to remote] DEBUG org.apache.http.impl.execchain.MainClientExec  - Executing request POST /hub/session/017a270a-cbef-4c96-9f4f-6d39d3b954d4/element/%7B1136080c-d5b2-4dc5-b3a5-7e04cf8f5f9c%7D/click HTTP/1.1
6430 [Forwarding clickElement on session 017a270a-cbef-4c96-9f4f-6d39d3b954d4 to remote] DEBUG org.apache.http.impl.execchain.MainClientExec  - Target auth state: UNCHALLENGED
6430 [Forwarding clickElement on session 017a270a-cbef-4c96-9f4f-6d39d3b954d4 to remote] DEBUG org.apache.http.impl.execchain.MainClientExec  - Proxy auth state: UNCHALLENGED
6430 [Forwarding clickElement on session 017a270a-cbef-4c96-9f4f-6d39d3b954d4 to remote] DEBUG org.apache.http.headers  - http-outgoing-7 >> POST /hub/session/017a270a-cbef-4c96-9f4f-6d39d3b954d4/element/%7B1136080c-d5b2-4dc5-b3a5-7e04cf8f5f9c%7D/click HTTP/1.1
6430 [Forwarding clickElement on session 017a270a-cbef-4c96-9f4f-6d39d3b954d4 to remote] DEBUG org.apache.http.headers  - http-outgoing-7 >> Content-Type: application/json; charset=utf-8
6430 [Forwarding clickElement on session 017a270a-cbef-4c96-9f4f-6d39d3b954d4 to remote] DEBUG org.apache.http.headers  - http-outgoing-7 >> Content-Length: 47
6430 [Forwarding clickElement on session 017a270a-cbef-4c96-9f4f-6d39d3b954d4 to remote] DEBUG org.apache.http.headers  - http-outgoing-7 >> Host: 127.0.0.1:7055
6430 [Forwarding clickElement on session 017a270a-cbef-4c96-9f4f-6d39d3b954d4 to remote] DEBUG org.apache.http.headers  - http-outgoing-7 >> Connection: Keep-Alive
6430 [Forwarding clickElement on session 017a270a-cbef-4c96-9f4f-6d39d3b954d4 to remote] DEBUG org.apache.http.headers  - http-outgoing-7 >> User-Agent: Apache-HttpClient/4.3.4 (java 1.5)
6430 [Forwarding clickElement on session 017a270a-cbef-4c96-9f4f-6d39d3b954d4 to remote] DEBUG org.apache.http.headers  - http-outgoing-7 >> Accept-Encoding: gzip,deflate
6430 [Forwarding clickElement on session 017a270a-cbef-4c96-9f4f-6d39d3b954d4 to remote] DEBUG org.apache.http.wire  - http-outgoing-7 >> "POST /hub/session/017a270a-cbef-4c96-9f4f-6d39d3b954d4/element/%7B1136080c-d5b2-4dc5-b3a5-7e04cf8f5f9c%7D/click HTTP/1.1[\r][\n]"
6430 [Forwarding clickElement on session 017a270a-cbef-4c96-9f4f-6d39d3b954d4 to remote] DEBUG org.apache.http.wire  - http-outgoing-7 >> "Content-Type: application/json; charset=utf-8[\r][\n]"
6430 [Forwarding clickElement on session 017a270a-cbef-4c96-9f4f-6d39d3b954d4 to remote] DEBUG org.apache.http.wire  - http-outgoing-7 >> "Content-Length: 47[\r][\n]"
6430 [Forwarding clickElement on session 017a270a-cbef-4c96-9f4f-6d39d3b954d4 to remote] DEBUG org.apache.http.wire  - http-outgoing-7 >> "Host: 127.0.0.1:7055[\r][\n]"
6430 [Forwarding clickElement on session 017a270a-cbef-4c96-9f4f-6d39d3b954d4 to remote] DEBUG org.apache.http.wire  - http-outgoing-7 >> "Connection: Keep-Alive[\r][\n]"
6430 [Forwarding clickElement on session 017a270a-cbef-4c96-9f4f-6d39d3b954d4 to remote] DEBUG org.apache.http.wire  - http-outgoing-7 >> "User-Agent: Apache-HttpClient/4.3.4 (java 1.5)[\r][\n]"
6430 [Forwarding clickElement on session 017a270a-cbef-4c96-9f4f-6d39d3b954d4 to remote] DEBUG org.apache.http.wire  - http-outgoing-7 >> "Accept-Encoding: gzip,deflate[\r][\n]"
6430 [Forwarding clickElement on session 017a270a-cbef-4c96-9f4f-6d39d3b954d4 to remote] DEBUG org.apache.http.wire  - http-outgoing-7 >> "[\r][\n]"
6430 [Forwarding clickElement on session 017a270a-cbef-4c96-9f4f-6d39d3b954d4 to remote] DEBUG org.apache.http.wire  - http-outgoing-7 >> "{"id":"{1136080c-d5b2-4dc5-b3a5-7e04cf8f5f9c}"}"
6604 [Forwarding clickElement on session 017a270a-cbef-4c96-9f4f-6d39d3b954d4 to remote] DEBUG org.apache.http.wire  - http-outgoing-7 << "HTTP/1.1 200 OK[\r][\n]"
6604 [Forwarding clickElement on session 017a270a-cbef-4c96-9f4f-6d39d3b954d4 to remote] DEBUG org.apache.http.wire  - http-outgoing-7 << "content-type: application/json; charset=UTF-8[\r][\n]"
6604 [Forwarding clickElement on session 017a270a-cbef-4c96-9f4f-6d39d3b954d4 to remote] DEBUG org.apache.http.wire  - http-outgoing-7 << "connection: close[\r][\n]"
6604 [Forwarding clickElement on session 017a270a-cbef-4c96-9f4f-6d39d3b954d4 to remote] DEBUG org.apache.http.wire  - http-outgoing-7 << "content-length: 96[\r][\n]"
6604 [Forwarding clickElement on session 017a270a-cbef-4c96-9f4f-6d39d3b954d4 to remote] DEBUG org.apache.http.wire  - http-outgoing-7 << "server: httpd.js[\r][\n]"
6604 [Forwarding clickElement on session 017a270a-cbef-4c96-9f4f-6d39d3b954d4 to remote] DEBUG org.apache.http.wire  - http-outgoing-7 << "date: Tue, 05 May 2015 22:33:05 GMT[\r][\n]"
6604 [Forwarding clickElement on session 017a270a-cbef-4c96-9f4f-6d39d3b954d4 to remote] DEBUG org.apache.http.wire  - http-outgoing-7 << "[\r][\n]"
6604 [Forwarding clickElement on session 017a270a-cbef-4c96-9f4f-6d39d3b954d4 to remote] DEBUG org.apache.http.headers  - http-outgoing-7 << HTTP/1.1 200 OK
6604 [Forwarding clickElement on session 017a270a-cbef-4c96-9f4f-6d39d3b954d4 to remote] DEBUG org.apache.http.headers  - http-outgoing-7 << content-type: application/json; charset=UTF-8
6604 [Forwarding clickElement on session 017a270a-cbef-4c96-9f4f-6d39d3b954d4 to remote] DEBUG org.apache.http.headers  - http-outgoing-7 << connection: close
6604 [Forwarding clickElement on session 017a270a-cbef-4c96-9f4f-6d39d3b954d4 to remote] DEBUG org.apache.http.headers  - http-outgoing-7 << content-length: 96
6604 [Forwarding clickElement on session 017a270a-cbef-4c96-9f4f-6d39d3b954d4 to remote] DEBUG org.apache.http.headers  - http-outgoing-7 << server: httpd.js
6604 [Forwarding clickElement on session 017a270a-cbef-4c96-9f4f-6d39d3b954d4 to remote] DEBUG org.apache.http.headers  - http-outgoing-7 << date: Tue, 05 May 2015 22:33:05 GMT
6604 [Forwarding clickElement on session 017a270a-cbef-4c96-9f4f-6d39d3b954d4 to remote] DEBUG org.apache.http.wire  - http-outgoing-7 << "{"name":"clickElement","sessionId":"017a270a-cbef-4c96-9f4f-6d39d3b954d4","status":0,"value":""}"
6604 [Forwarding clickElement on session 017a270a-cbef-4c96-9f4f-6d39d3b954d4 to remote] DEBUG org.apache.http.impl.conn.DefaultManagedHttpClientConnection  - http-outgoing-7: Shutdown connection
6604 [Forwarding clickElement on session 017a270a-cbef-4c96-9f4f-6d39d3b954d4 to remote] DEBUG org.apache.http.impl.execchain.MainClientExec  - Connection discarded
6604 [Forwarding clickElement on session 017a270a-cbef-4c96-9f4f-6d39d3b954d4 to remote] DEBUG org.apache.http.impl.conn.DefaultManagedHttpClientConnection  - http-outgoing-7: Close connection
6604 [Forwarding clickElement on session 017a270a-cbef-4c96-9f4f-6d39d3b954d4 to remote] DEBUG org.apache.http.impl.conn.PoolingHttpClientConnectionManager  - Connection released: [id: 7][route: {}->http://127.0.0.1:7055][total kept alive: 0; route allocated: 0 of 2000; total allocated: 0 of 2000]
6604 [Forwarding findElement on session 017a270a-cbef-4c96-9f4f-6d39d3b954d4 to remote] DEBUG org.apache.http.client.protocol.RequestAddCookies  - CookieSpec selected: best-match
6604 [Forwarding findElement on session 017a270a-cbef-4c96-9f4f-6d39d3b954d4 to remote] DEBUG org.apache.http.client.protocol.RequestAuthCache  - Auth cache not set in the context
6604 [Forwarding findElement on session 017a270a-cbef-4c96-9f4f-6d39d3b954d4 to remote] DEBUG org.apache.http.impl.conn.PoolingHttpClientConnectionManager  - Connection request: [route: {}->http://127.0.0.1:7055][total kept alive: 0; route allocated: 0 of 2000; total allocated: 0 of 2000]
6604 [Forwarding findElement on session 017a270a-cbef-4c96-9f4f-6d39d3b954d4 to remote] DEBUG org.apache.http.impl.conn.PoolingHttpClientConnectionManager  - Connection leased: [id: 8][route: {}->http://127.0.0.1:7055][total kept alive: 0; route allocated: 1 of 2000; total allocated: 1 of 2000]
6604 [Forwarding findElement on session 017a270a-cbef-4c96-9f4f-6d39d3b954d4 to remote] DEBUG org.apache.http.impl.execchain.MainClientExec  - Opening connection {}->http://127.0.0.1:7055
6604 [Forwarding findElement on session 017a270a-cbef-4c96-9f4f-6d39d3b954d4 to remote] DEBUG org.apache.http.impl.conn.HttpClientConnectionOperator  - Connecting to /127.0.0.1:7055
6604 [Forwarding findElement on session 017a270a-cbef-4c96-9f4f-6d39d3b954d4 to remote] DEBUG org.apache.http.impl.conn.HttpClientConnectionOperator  - Connection established 127.0.0.1:49574<->127.0.0.1:7055
6604 [Forwarding findElement on session 017a270a-cbef-4c96-9f4f-6d39d3b954d4 to remote] DEBUG org.apache.http.impl.execchain.MainClientExec  - Executing request POST /hub/session/017a270a-cbef-4c96-9f4f-6d39d3b954d4/element HTTP/1.1
6604 [Forwarding findElement on session 017a270a-cbef-4c96-9f4f-6d39d3b954d4 to remote] DEBUG org.apache.http.impl.execchain.MainClientExec  - Target auth state: UNCHALLENGED
6604 [Forwarding findElement on session 017a270a-cbef-4c96-9f4f-6d39d3b954d4 to remote] DEBUG org.apache.http.impl.execchain.MainClientExec  - Proxy auth state: UNCHALLENGED
6604 [Forwarding findElement on session 017a270a-cbef-4c96-9f4f-6d39d3b954d4 to remote] DEBUG org.apache.http.headers  - http-outgoing-8 >> POST /hub/session/017a270a-cbef-4c96-9f4f-6d39d3b954d4/element HTTP/1.1
6614 [Forwarding findElement on session 017a270a-cbef-4c96-9f4f-6d39d3b954d4 to remote] DEBUG org.apache.http.headers  - http-outgoing-8 >> Content-Type: application/json; charset=utf-8
6614 [Forwarding findElement on session 017a270a-cbef-4c96-9f4f-6d39d3b954d4 to remote] DEBUG org.apache.http.headers  - http-outgoing-8 >> Content-Length: 43
6614 [Forwarding findElement on session 017a270a-cbef-4c96-9f4f-6d39d3b954d4 to remote] DEBUG org.apache.http.headers  - http-outgoing-8 >> Host: 127.0.0.1:7055
6614 [Forwarding findElement on session 017a270a-cbef-4c96-9f4f-6d39d3b954d4 to remote] DEBUG org.apache.http.headers  - http-outgoing-8 >> Connection: Keep-Alive
6614 [Forwarding findElement on session 017a270a-cbef-4c96-9f4f-6d39d3b954d4 to remote] DEBUG org.apache.http.headers  - http-outgoing-8 >> User-Agent: Apache-HttpClient/4.3.4 (java 1.5)
6614 [Forwarding findElement on session 017a270a-cbef-4c96-9f4f-6d39d3b954d4 to remote] DEBUG org.apache.http.headers  - http-outgoing-8 >> Accept-Encoding: gzip,deflate
6614 [Forwarding findElement on session 017a270a-cbef-4c96-9f4f-6d39d3b954d4 to remote] DEBUG org.apache.http.wire  - http-outgoing-8 >> "POST /hub/session/017a270a-cbef-4c96-9f4f-6d39d3b954d4/element HTTP/1.1[\r][\n]"
6614 [Forwarding findElement on session 017a270a-cbef-4c96-9f4f-6d39d3b954d4 to remote] DEBUG org.apache.http.wire  - http-outgoing-8 >> "Content-Type: application/json; charset=utf-8[\r][\n]"
6614 [Forwarding findElement on session 017a270a-cbef-4c96-9f4f-6d39d3b954d4 to remote] DEBUG org.apache.http.wire  - http-outgoing-8 >> "Content-Length: 43[\r][\n]"
6614 [Forwarding findElement on session 017a270a-cbef-4c96-9f4f-6d39d3b954d4 to remote] DEBUG org.apache.http.wire  - http-outgoing-8 >> "Host: 127.0.0.1:7055[\r][\n]"
6614 [Forwarding findElement on session 017a270a-cbef-4c96-9f4f-6d39d3b954d4 to remote] DEBUG org.apache.http.wire  - http-outgoing-8 >> "Connection: Keep-Alive[\r][\n]"
6614 [Forwarding findElement on session 017a270a-cbef-4c96-9f4f-6d39d3b954d4 to remote] DEBUG org.apache.http.wire  - http-outgoing-8 >> "User-Agent: Apache-HttpClient/4.3.4 (java 1.5)[\r][\n]"
6614 [Forwarding findElement on session 017a270a-cbef-4c96-9f4f-6d39d3b954d4 to remote] DEBUG org.apache.http.wire  - http-outgoing-8 >> "Accept-Encoding: gzip,deflate[\r][\n]"
6614 [Forwarding findElement on session 017a270a-cbef-4c96-9f4f-6d39d3b954d4 to remote] DEBUG org.apache.http.wire  - http-outgoing-8 >> "[\r][\n]"
6614 [Forwarding findElement on session 017a270a-cbef-4c96-9f4f-6d39d3b954d4 to remote] DEBUG org.apache.http.wire  - http-outgoing-8 >> "{"using":"class name","value":"btn-logout"}"
15945 [Forwarding findElement on session 017a270a-cbef-4c96-9f4f-6d39d3b954d4 to remote] DEBUG org.apache.http.wire  - http-outgoing-8 << "HTTP/1.1 200 OK[\r][\n]"
15945 [Forwarding findElement on session 017a270a-cbef-4c96-9f4f-6d39d3b954d4 to remote] DEBUG org.apache.http.wire  - http-outgoing-8 << "content-type: application/json; charset=UTF-8[\r][\n]"
15945 [Forwarding findElement on session 017a270a-cbef-4c96-9f4f-6d39d3b954d4 to remote] DEBUG org.apache.http.wire  - http-outgoing-8 << "connection: close[\r][\n]"
15945 [Forwarding findElement on session 017a270a-cbef-4c96-9f4f-6d39d3b954d4 to remote] DEBUG org.apache.http.wire  - http-outgoing-8 << "content-length: 145[\r][\n]"
15945 [Forwarding findElement on session 017a270a-cbef-4c96-9f4f-6d39d3b954d4 to remote] DEBUG org.apache.http.wire  - http-outgoing-8 << "server: httpd.js[\r][\n]"
15945 [Forwarding findElement on session 017a270a-cbef-4c96-9f4f-6d39d3b954d4 to remote] DEBUG org.apache.http.wire  - http-outgoing-8 << "date: Tue, 05 May 2015 22:33:14 GMT[\r][\n]"
15945 [Forwarding findElement on session 017a270a-cbef-4c96-9f4f-6d39d3b954d4 to remote] DEBUG org.apache.http.wire  - http-outgoing-8 << "[\r][\n]"
15945 [Forwarding findElement on session 017a270a-cbef-4c96-9f4f-6d39d3b954d4 to remote] DEBUG org.apache.http.headers  - http-outgoing-8 << HTTP/1.1 200 OK
15945 [Forwarding findElement on session 017a270a-cbef-4c96-9f4f-6d39d3b954d4 to remote] DEBUG org.apache.http.headers  - http-outgoing-8 << content-type: application/json; charset=UTF-8
15945 [Forwarding findElement on session 017a270a-cbef-4c96-9f4f-6d39d3b954d4 to remote] DEBUG org.apache.http.headers  - http-outgoing-8 << connection: close
15945 [Forwarding findElement on session 017a270a-cbef-4c96-9f4f-6d39d3b954d4 to remote] DEBUG org.apache.http.headers  - http-outgoing-8 << content-length: 145
15945 [Forwarding findElement on session 017a270a-cbef-4c96-9f4f-6d39d3b954d4 to remote] DEBUG org.apache.http.headers  - http-outgoing-8 << server: httpd.js
15945 [Forwarding findElement on session 017a270a-cbef-4c96-9f4f-6d39d3b954d4 to remote] DEBUG org.apache.http.headers  - http-outgoing-8 << date: Tue, 05 May 2015 22:33:14 GMT
15946 [Forwarding findElement on session 017a270a-cbef-4c96-9f4f-6d39d3b954d4 to remote] DEBUG org.apache.http.wire  - http-outgoing-8 << "{"name":"findElement","sessionId":"017a270a-cbef-4c96-9f4f-6d39d3b954d4","status":0,"value":{"ELEMENT":"{6b76ff22-e0b3-4dd5-a74b-0ae083005072}"}}"
15946 [Forwarding findElement on session 017a270a-cbef-4c96-9f4f-6d39d3b954d4 to remote] DEBUG org.apache.http.impl.conn.DefaultManagedHttpClientConnection  - http-outgoing-8: Shutdown connection
15946 [Forwarding findElement on session 017a270a-cbef-4c96-9f4f-6d39d3b954d4 to remote] DEBUG org.apache.http.impl.execchain.MainClientExec  - Connection discarded
15946 [Forwarding findElement on session 017a270a-cbef-4c96-9f4f-6d39d3b954d4 to remote] DEBUG org.apache.http.impl.conn.DefaultManagedHttpClientConnection  - http-outgoing-8: Close connection
15946 [Forwarding findElement on session 017a270a-cbef-4c96-9f4f-6d39d3b954d4 to remote] DEBUG org.apache.http.impl.conn.PoolingHttpClientConnectionManager  - Connection released: [id: 8][route: {}->http://127.0.0.1:7055][total kept alive: 0; route allocated: 0 of 2000; total allocated: 0 of 2000]
15948 [Forwarding clickElement on session 017a270a-cbef-4c96-9f4f-6d39d3b954d4 to remote] DEBUG org.apache.http.client.protocol.RequestAddCookies  - CookieSpec selected: best-match
15948 [Forwarding clickElement on session 017a270a-cbef-4c96-9f4f-6d39d3b954d4 to remote] DEBUG org.apache.http.client.protocol.RequestAuthCache  - Auth cache not set in the context
15948 [Forwarding clickElement on session 017a270a-cbef-4c96-9f4f-6d39d3b954d4 to remote] DEBUG org.apache.http.impl.conn.PoolingHttpClientConnectionManager  - Connection request: [route: {}->http://127.0.0.1:7055][total kept alive: 0; route allocated: 0 of 2000; total allocated: 0 of 2000]
15948 [Forwarding clickElement on session 017a270a-cbef-4c96-9f4f-6d39d3b954d4 to remote] DEBUG org.apache.http.impl.conn.PoolingHttpClientConnectionManager  - Connection leased: [id: 9][route: {}->http://127.0.0.1:7055][total kept alive: 0; route allocated: 1 of 2000; total allocated: 1 of 2000]
15948 [Forwarding clickElement on session 017a270a-cbef-4c96-9f4f-6d39d3b954d4 to remote] DEBUG org.apache.http.impl.execchain.MainClientExec  - Opening connection {}->http://127.0.0.1:7055
15949 [Forwarding clickElement on session 017a270a-cbef-4c96-9f4f-6d39d3b954d4 to remote] DEBUG org.apache.http.impl.conn.HttpClientConnectionOperator  - Connecting to /127.0.0.1:7055
15949 [Forwarding clickElement on session 017a270a-cbef-4c96-9f4f-6d39d3b954d4 to remote] DEBUG org.apache.http.impl.conn.HttpClientConnectionOperator  - Connection established 127.0.0.1:49575<->127.0.0.1:7055
15949 [Forwarding clickElement on session 017a270a-cbef-4c96-9f4f-6d39d3b954d4 to remote] DEBUG org.apache.http.impl.execchain.MainClientExec  - Executing request POST /hub/session/017a270a-cbef-4c96-9f4f-6d39d3b954d4/element/%7B6b76ff22-e0b3-4dd5-a74b-0ae083005072%7D/click HTTP/1.1
15949 [Forwarding clickElement on session 017a270a-cbef-4c96-9f4f-6d39d3b954d4 to remote] DEBUG org.apache.http.impl.execchain.MainClientExec  - Target auth state: UNCHALLENGED
15949 [Forwarding clickElement on session 017a270a-cbef-4c96-9f4f-6d39d3b954d4 to remote] DEBUG org.apache.http.impl.execchain.MainClientExec  - Proxy auth state: UNCHALLENGED
15949 [Forwarding clickElement on session 017a270a-cbef-4c96-9f4f-6d39d3b954d4 to remote] DEBUG org.apache.http.headers  - http-outgoing-9 >> POST /hub/session/017a270a-cbef-4c96-9f4f-6d39d3b954d4/element/%7B6b76ff22-e0b3-4dd5-a74b-0ae083005072%7D/click HTTP/1.1
15949 [Forwarding clickElement on session 017a270a-cbef-4c96-9f4f-6d39d3b954d4 to remote] DEBUG org.apache.http.headers  - http-outgoing-9 >> Content-Type: application/json; charset=utf-8
15949 [Forwarding clickElement on session 017a270a-cbef-4c96-9f4f-6d39d3b954d4 to remote] DEBUG org.apache.http.headers  - http-outgoing-9 >> Content-Length: 47
15949 [Forwarding clickElement on session 017a270a-cbef-4c96-9f4f-6d39d3b954d4 to remote] DEBUG org.apache.http.headers  - http-outgoing-9 >> Host: 127.0.0.1:7055
15949 [Forwarding clickElement on session 017a270a-cbef-4c96-9f4f-6d39d3b954d4 to remote] DEBUG org.apache.http.headers  - http-outgoing-9 >> Connection: Keep-Alive
15949 [Forwarding clickElement on session 017a270a-cbef-4c96-9f4f-6d39d3b954d4 to remote] DEBUG org.apache.http.headers  - http-outgoing-9 >> User-Agent: Apache-HttpClient/4.3.4 (java 1.5)
15949 [Forwarding clickElement on session 017a270a-cbef-4c96-9f4f-6d39d3b954d4 to remote] DEBUG org.apache.http.headers  - http-outgoing-9 >> Accept-Encoding: gzip,deflate
15949 [Forwarding clickElement on session 017a270a-cbef-4c96-9f4f-6d39d3b954d4 to remote] DEBUG org.apache.http.wire  - http-outgoing-9 >> "POST /hub/session/017a270a-cbef-4c96-9f4f-6d39d3b954d4/element/%7B6b76ff22-e0b3-4dd5-a74b-0ae083005072%7D/click HTTP/1.1[\r][\n]"
15949 [Forwarding clickElement on session 017a270a-cbef-4c96-9f4f-6d39d3b954d4 to remote] DEBUG org.apache.http.wire  - http-outgoing-9 >> "Content-Type: application/json; charset=utf-8[\r][\n]"
15949 [Forwarding clickElement on session 017a270a-cbef-4c96-9f4f-6d39d3b954d4 to remote] DEBUG org.apache.http.wire  - http-outgoing-9 >> "Content-Length: 47[\r][\n]"
15949 [Forwarding clickElement on session 017a270a-cbef-4c96-9f4f-6d39d3b954d4 to remote] DEBUG org.apache.http.wire  - http-outgoing-9 >> "Host: 127.0.0.1:7055[\r][\n]"
15950 [Forwarding clickElement on session 017a270a-cbef-4c96-9f4f-6d39d3b954d4 to remote] DEBUG org.apache.http.wire  - http-outgoing-9 >> "Connection: Keep-Alive[\r][\n]"
15950 [Forwarding clickElement on session 017a270a-cbef-4c96-9f4f-6d39d3b954d4 to remote] DEBUG org.apache.http.wire  - http-outgoing-9 >> "User-Agent: Apache-HttpClient/4.3.4 (java 1.5)[\r][\n]"
15950 [Forwarding clickElement on session 017a270a-cbef-4c96-9f4f-6d39d3b954d4 to remote] DEBUG org.apache.http.wire  - http-outgoing-9 >> "Accept-Encoding: gzip,deflate[\r][\n]"
15950 [Forwarding clickElement on session 017a270a-cbef-4c96-9f4f-6d39d3b954d4 to remote] DEBUG org.apache.http.wire  - http-outgoing-9 >> "[\r][\n]"
15950 [Forwarding clickElement on session 017a270a-cbef-4c96-9f4f-6d39d3b954d4 to remote] DEBUG org.apache.http.wire  - http-outgoing-9 >> "{"id":"{6b76ff22-e0b3-4dd5-a74b-0ae083005072}"}"
16113 [Forwarding clickElement on session 017a270a-cbef-4c96-9f4f-6d39d3b954d4 to remote] DEBUG org.apache.http.wire  - http-outgoing-9 << "HTTP/1.1 200 OK[\r][\n]"
16113 [Forwarding clickElement on session 017a270a-cbef-4c96-9f4f-6d39d3b954d4 to remote] DEBUG org.apache.http.wire  - http-outgoing-9 << "content-type: application/json; charset=UTF-8[\r][\n]"
16113 [Forwarding clickElement on session 017a270a-cbef-4c96-9f4f-6d39d3b954d4 to remote] DEBUG org.apache.http.wire  - http-outgoing-9 << "connection: close[\r][\n]"
16113 [Forwarding clickElement on session 017a270a-cbef-4c96-9f4f-6d39d3b954d4 to remote] DEBUG org.apache.http.wire  - http-outgoing-9 << "content-length: 96[\r][\n]"
16113 [Forwarding clickElement on session 017a270a-cbef-4c96-9f4f-6d39d3b954d4 to remote] DEBUG org.apache.http.wire  - http-outgoing-9 << "server: httpd.js[\r][\n]"
16113 [Forwarding clickElement on session 017a270a-cbef-4c96-9f4f-6d39d3b954d4 to remote] DEBUG org.apache.http.wire  - http-outgoing-9 << "date: Tue, 05 May 2015 22:33:14 GMT[\r][\n]"
16113 [Forwarding clickElement on session 017a270a-cbef-4c96-9f4f-6d39d3b954d4 to remote] DEBUG org.apache.http.wire  - http-outgoing-9 << "[\r][\n]"
16113 [Forwarding clickElement on session 017a270a-cbef-4c96-9f4f-6d39d3b954d4 to remote] DEBUG org.apache.http.headers  - http-outgoing-9 << HTTP/1.1 200 OK
16113 [Forwarding clickElement on session 017a270a-cbef-4c96-9f4f-6d39d3b954d4 to remote] DEBUG org.apache.http.headers  - http-outgoing-9 << content-type: application/json; charset=UTF-8
16113 [Forwarding clickElement on session 017a270a-cbef-4c96-9f4f-6d39d3b954d4 to remote] DEBUG org.apache.http.headers  - http-outgoing-9 << connection: close
16113 [Forwarding clickElement on session 017a270a-cbef-4c96-9f4f-6d39d3b954d4 to remote] DEBUG org.apache.http.headers  - http-outgoing-9 << content-length: 96
16113 [Forwarding clickElement on session 017a270a-cbef-4c96-9f4f-6d39d3b954d4 to remote] DEBUG org.apache.http.headers  - http-outgoing-9 << server: httpd.js
16113 [Forwarding clickElement on session 017a270a-cbef-4c96-9f4f-6d39d3b954d4 to remote] DEBUG org.apache.http.headers  - http-outgoing-9 << date: Tue, 05 May 2015 22:33:14 GMT
16113 [Forwarding clickElement on session 017a270a-cbef-4c96-9f4f-6d39d3b954d4 to remote] DEBUG org.apache.http.wire  - http-outgoing-9 << "{"name":"clickElement","sessionId":"017a270a-cbef-4c96-9f4f-6d39d3b954d4","status":0,"value":""}"
16113 [Forwarding clickElement on session 017a270a-cbef-4c96-9f4f-6d39d3b954d4 to remote] DEBUG org.apache.http.impl.conn.DefaultManagedHttpClientConnection  - http-outgoing-9: Shutdown connection
16113 [Forwarding clickElement on session 017a270a-cbef-4c96-9f4f-6d39d3b954d4 to remote] DEBUG org.apache.http.impl.execchain.MainClientExec  - Connection discarded
16113 [Forwarding clickElement on session 017a270a-cbef-4c96-9f4f-6d39d3b954d4 to remote] DEBUG org.apache.http.impl.conn.DefaultManagedHttpClientConnection  - http-outgoing-9: Close connection
16113 [Forwarding clickElement on session 017a270a-cbef-4c96-9f4f-6d39d3b954d4 to remote] DEBUG org.apache.http.impl.conn.PoolingHttpClientConnectionManager  - Connection released: [id: 9][route: {}->http://127.0.0.1:7055][total kept alive: 0; route allocated: 0 of 2000; total allocated: 0 of 2000]
16123 [main] INFO com.macy.test.LoginTest  - closing PDFM
16123 [Forwarding close on session 017a270a-cbef-4c96-9f4f-6d39d3b954d4 to remote] DEBUG org.apache.http.client.protocol.RequestAddCookies  - CookieSpec selected: best-match
16123 [Forwarding close on session 017a270a-cbef-4c96-9f4f-6d39d3b954d4 to remote] DEBUG org.apache.http.client.protocol.RequestAuthCache  - Auth cache not set in the context
16123 [Forwarding close on session 017a270a-cbef-4c96-9f4f-6d39d3b954d4 to remote] DEBUG org.apache.http.impl.conn.PoolingHttpClientConnectionManager  - Connection request: [route: {}->http://127.0.0.1:7055][total kept alive: 0; route allocated: 0 of 2000; total allocated: 0 of 2000]
16123 [Forwarding close on session 017a270a-cbef-4c96-9f4f-6d39d3b954d4 to remote] DEBUG org.apache.http.impl.conn.PoolingHttpClientConnectionManager  - Connection leased: [id: 10][route: {}->http://127.0.0.1:7055][total kept alive: 0; route allocated: 1 of 2000; total allocated: 1 of 2000]
16123 [Forwarding close on session 017a270a-cbef-4c96-9f4f-6d39d3b954d4 to remote] DEBUG org.apache.http.impl.execchain.MainClientExec  - Opening connection {}->http://127.0.0.1:7055
16123 [Forwarding close on session 017a270a-cbef-4c96-9f4f-6d39d3b954d4 to remote] DEBUG org.apache.http.impl.conn.HttpClientConnectionOperator  - Connecting to /127.0.0.1:7055
16123 [Forwarding close on session 017a270a-cbef-4c96-9f4f-6d39d3b954d4 to remote] DEBUG org.apache.http.impl.conn.HttpClientConnectionOperator  - Connection established 127.0.0.1:49576<->127.0.0.1:7055
16123 [Forwarding close on session 017a270a-cbef-4c96-9f4f-6d39d3b954d4 to remote] DEBUG org.apache.http.impl.execchain.MainClientExec  - Executing request DELETE /hub/session/017a270a-cbef-4c96-9f4f-6d39d3b954d4/window HTTP/1.1
16123 [Forwarding close on session 017a270a-cbef-4c96-9f4f-6d39d3b954d4 to remote] DEBUG org.apache.http.impl.execchain.MainClientExec  - Target auth state: UNCHALLENGED
16123 [Forwarding close on session 017a270a-cbef-4c96-9f4f-6d39d3b954d4 to remote] DEBUG org.apache.http.impl.execchain.MainClientExec  - Proxy auth state: UNCHALLENGED
16123 [Forwarding close on session 017a270a-cbef-4c96-9f4f-6d39d3b954d4 to remote] DEBUG org.apache.http.headers  - http-outgoing-10 >> DELETE /hub/session/017a270a-cbef-4c96-9f4f-6d39d3b954d4/window HTTP/1.1
16123 [Forwarding close on session 017a270a-cbef-4c96-9f4f-6d39d3b954d4 to remote] DEBUG org.apache.http.headers  - http-outgoing-10 >> Host: 127.0.0.1:7055
16123 [Forwarding close on session 017a270a-cbef-4c96-9f4f-6d39d3b954d4 to remote] DEBUG org.apache.http.headers  - http-outgoing-10 >> Connection: Keep-Alive
16123 [Forwarding close on session 017a270a-cbef-4c96-9f4f-6d39d3b954d4 to remote] DEBUG org.apache.http.headers  - http-outgoing-10 >> User-Agent: Apache-HttpClient/4.3.4 (java 1.5)
16123 [Forwarding close on session 017a270a-cbef-4c96-9f4f-6d39d3b954d4 to remote] DEBUG org.apache.http.headers  - http-outgoing-10 >> Accept-Encoding: gzip,deflate
16123 [Forwarding close on session 017a270a-cbef-4c96-9f4f-6d39d3b954d4 to remote] DEBUG org.apache.http.wire  - http-outgoing-10 >> "DELETE /hub/session/017a270a-cbef-4c96-9f4f-6d39d3b954d4/window HTTP/1.1[\r][\n]"
16123 [Forwarding close on session 017a270a-cbef-4c96-9f4f-6d39d3b954d4 to remote] DEBUG org.apache.http.wire  - http-outgoing-10 >> "Host: 127.0.0.1:7055[\r][\n]"
16123 [Forwarding close on session 017a270a-cbef-4c96-9f4f-6d39d3b954d4 to remote] DEBUG org.apache.http.wire  - http-outgoing-10 >> "Connection: Keep-Alive[\r][\n]"
16123 [Forwarding close on session 017a270a-cbef-4c96-9f4f-6d39d3b954d4 to remote] DEBUG org.apache.http.wire  - http-outgoing-10 >> "User-Agent: Apache-HttpClient/4.3.4 (java 1.5)[\r][\n]"
16123 [Forwarding close on session 017a270a-cbef-4c96-9f4f-6d39d3b954d4 to remote] DEBUG org.apache.http.wire  - http-outgoing-10 >> "Accept-Encoding: gzip,deflate[\r][\n]"
16123 [Forwarding close on session 017a270a-cbef-4c96-9f4f-6d39d3b954d4 to remote] DEBUG org.apache.http.wire  - http-outgoing-10 >> "[\r][\n]"
16554 [Forwarding close on session 017a270a-cbef-4c96-9f4f-6d39d3b954d4 to remote] DEBUG org.apache.http.wire  - http-outgoing-10 << "HTTP/1.1 200 OK[\r][\n]"
16554 [Forwarding close on session 017a270a-cbef-4c96-9f4f-6d39d3b954d4 to remote] DEBUG org.apache.http.wire  - http-outgoing-10 << "content-type: application/json; charset=UTF-8[\r][\n]"
16554 [Forwarding close on session 017a270a-cbef-4c96-9f4f-6d39d3b954d4 to remote] DEBUG org.apache.http.wire  - http-outgoing-10 << "connection: close[\r][\n]"
16555 [Forwarding close on session 017a270a-cbef-4c96-9f4f-6d39d3b954d4 to remote] DEBUG org.apache.http.wire  - http-outgoing-10 << "content-length: 89[\r][\n]"
16555 [Forwarding close on session 017a270a-cbef-4c96-9f4f-6d39d3b954d4 to remote] DEBUG org.apache.http.wire  - http-outgoing-10 << "server: httpd.js[\r][\n]"
16555 [Forwarding close on session 017a270a-cbef-4c96-9f4f-6d39d3b954d4 to remote] DEBUG org.apache.http.wire  - http-outgoing-10 << "date: Tue, 05 May 2015 22:33:15 GMT[\r][\n]"
16555 [Forwarding close on session 017a270a-cbef-4c96-9f4f-6d39d3b954d4 to remote] DEBUG org.apache.http.wire  - http-outgoing-10 << "[\r][\n]"
16555 [Forwarding close on session 017a270a-cbef-4c96-9f4f-6d39d3b954d4 to remote] DEBUG org.apache.http.headers  - http-outgoing-10 << HTTP/1.1 200 OK
16555 [Forwarding close on session 017a270a-cbef-4c96-9f4f-6d39d3b954d4 to remote] DEBUG org.apache.http.headers  - http-outgoing-10 << content-type: application/json; charset=UTF-8
16555 [Forwarding close on session 017a270a-cbef-4c96-9f4f-6d39d3b954d4 to remote] DEBUG org.apache.http.headers  - http-outgoing-10 << connection: close
16555 [Forwarding close on session 017a270a-cbef-4c96-9f4f-6d39d3b954d4 to remote] DEBUG org.apache.http.headers  - http-outgoing-10 << content-length: 89
16555 [Forwarding close on session 017a270a-cbef-4c96-9f4f-6d39d3b954d4 to remote] DEBUG org.apache.http.headers  - http-outgoing-10 << server: httpd.js
16555 [Forwarding close on session 017a270a-cbef-4c96-9f4f-6d39d3b954d4 to remote] DEBUG org.apache.http.headers  - http-outgoing-10 << date: Tue, 05 May 2015 22:33:15 GMT
16556 [Forwarding close on session 017a270a-cbef-4c96-9f4f-6d39d3b954d4 to remote] DEBUG org.apache.http.wire  - http-outgoing-10 << "{"name":"close","sessionId":"017a270a-cbef-4c96-9f4f-6d39d3b954d4","status":0,"value":""}"
16556 [Forwarding close on session 017a270a-cbef-4c96-9f4f-6d39d3b954d4 to remote] DEBUG org.apache.http.impl.conn.DefaultManagedHttpClientConnection  - http-outgoing-10: Shutdown connection
16556 [Forwarding close on session 017a270a-cbef-4c96-9f4f-6d39d3b954d4 to remote] DEBUG org.apache.http.impl.execchain.MainClientExec  - Connection discarded
16556 [Forwarding close on session 017a270a-cbef-4c96-9f4f-6d39d3b954d4 to remote] DEBUG org.apache.http.impl.conn.DefaultManagedHttpClientConnection  - http-outgoing-10: Close connection
16556 [Forwarding close on session 017a270a-cbef-4c96-9f4f-6d39d3b954d4 to remote] DEBUG org.apache.http.impl.conn.PoolingHttpClientConnectionManager  - Connection released: [id: 10][route: {}->http://127.0.0.1:7055][total kept alive: 0; route allocated: 0 of 2000; total allocated: 0 of 2000]
]]></system-out>

      <system-err><![CDATA[log4j:WARN No appenders could be found for logger (com.macy.test.LoginTest).
log4j:WARN Please initialize the log4j system properly.
log4j:WARN See http://logging.apache.org/log4j/1.2/faq.html#noconfig for more info.
]]></system-err>

  </testsuite>
</testsuites>
